#
# There is insufficient memory for the Java Runtime Environment to continue.
# Native memory allocation (malloc) failed to allocate 32744 bytes for ChunkPool::allocate
# Possible reasons:
#   The system is out of physical RAM or swap space
#   In 32 bit mode, the process size limit was hit
# Possible solutions:
#   Reduce memory load on the system
#   Increase physical memory or swap space
#   Check if swap backing store is full
#   Use 64 bit Java on a 64 bit OS
#   Decrease Java heap size (-Xmx/-Xms)
#   Decrease number of Java threads
#   Decrease Java thread stack sizes (-Xss)
#   Set larger code cache with -XX:ReservedCodeCacheSize=
# This output file may be truncated or incomplete.
#
#  Out of Memory Error (allocation.cpp:273), pid=7564, tid=1632
#
# JRE version: Java(TM) SE Runtime Environment (8.0_65-b17) (build 1.8.0_65-b17)
# Java VM: Java HotSpot(TM) 64-Bit Server VM (25.65-b01 mixed mode windows-amd64 compressed oops)
# Failed to write core dump. Minidumps are not enabled by default on client versions of Windows
#

---------------  T H R E A D  ---------------

Current thread (0x000000001466c800):  JavaThread "C1 CompilerThread2" daemon [_thread_in_native, id=1632, stack(0x0000000015e60000,0x0000000015f60000)]

Stack: [0x0000000015e60000,0x0000000015f60000]
[error occurred during error reporting (printing stack bounds), id 0xc0000005]

Native frames: (J=compiled Java code, j=interpreted, Vv=VM code, C=native code)


Current CompileTask:
C1:   2886  413   !   3       com.android.dx.cf.code.BytecodeArray::parseInstruction (2764 bytes)


---------------  P R O C E S S  ---------------

Java Threads: ( => current thread )
  0x00000000161b3800 JavaThread "pool-2-thread-4" [_thread_blocked, id=9220, stack(0x0000000016960000,0x0000000016a60000)]
  0x00000000161b2800 JavaThread "pool-2-thread-3" [_thread_blocked, id=8924, stack(0x0000000016860000,0x0000000016960000)]
  0x00000000160c5000 JavaThread "pool-2-thread-2" [_thread_in_vm, id=8300, stack(0x0000000016760000,0x0000000016860000)]
  0x00000000160be000 JavaThread "pool-3-thread-1" [_thread_blocked, id=6388, stack(0x0000000016660000,0x0000000016760000)]
  0x00000000160bb800 JavaThread "pool-2-thread-1" [_thread_in_Java, id=8748, stack(0x0000000016560000,0x0000000016660000)]
  0x0000000015f65800 JavaThread "Service Thread" daemon [_thread_blocked, id=8600, stack(0x0000000016360000,0x0000000016460000)]
=>0x000000001466c800 JavaThread "C1 CompilerThread2" daemon [_thread_in_native, id=1632, stack(0x0000000015e60000,0x0000000015f60000)]
  0x0000000014666000 JavaThread "C2 CompilerThread1" daemon [_thread_blocked, id=9060, stack(0x0000000015d60000,0x0000000015e60000)]
  0x000000001460d000 JavaThread "C2 CompilerThread0" daemon [_thread_blocked, id=10184, stack(0x0000000015c60000,0x0000000015d60000)]
  0x000000001460b000 JavaThread "Attach Listener" daemon [_thread_blocked, id=288, stack(0x0000000015b60000,0x0000000015c60000)]
  0x000000001460a000 JavaThread "Signal Dispatcher" daemon [_thread_blocked, id=10152, stack(0x0000000015a60000,0x0000000015b60000)]
  0x0000000001f16000 JavaThread "Finalizer" daemon [_thread_blocked, id=9468, stack(0x0000000015870000,0x0000000015970000)]
  0x0000000001f0d000 JavaThread "Reference Handler" daemon [_thread_blocked, id=300, stack(0x0000000015770000,0x0000000015870000)]
  0x0000000001e20800 JavaThread "main" [_thread_blocked, id=10072, stack(0x0000000001cd0000,0x0000000001dd0000)]

Other Threads:
  0x00000000145d7800 VMThread [stack: 0x0000000015670000,0x0000000015770000] [id=8784]
  0x0000000015f74800 WatcherThread [stack: 0x0000000016460000,0x0000000016560000] [id=9740]

VM state:not at safepoint (normal execution)

VM Mutex/Monitor currently owned by a thread: None

Heap:
 PSYoungGen      total 18944K, used 10210K [0x00000000eab00000, 0x00000000ec000000, 0x0000000100000000)
  eden space 16384K, 62% used [0x00000000eab00000,0x00000000eb4f8828,0x00000000ebb00000)
  from space 2560K, 0% used [0x00000000ebd80000,0x00000000ebd80000,0x00000000ec000000)
  to   space 2560K, 0% used [0x00000000ebb00000,0x00000000ebb00000,0x00000000ebd80000)
 ParOldGen       total 44032K, used 0K [0x00000000c0000000, 0x00000000c2b00000, 0x00000000eab00000)
  object space 44032K, 0% used [0x00000000c0000000,0x00000000c0000000,0x00000000c2b00000)
 Metaspace       used 5316K, capacity 6448K, committed 6528K, reserved 1056768K
  class space    used 580K, capacity 616K, committed 640K, reserved 1048576K

Card table byte_map: [0x00000000112e0000,0x00000000114f0000] byte_map_base: 0x0000000010ce0000

Marking Bits: (ParMarkBitMap*) 0x000000005ab5a5b0
 Begin Bits: [0x0000000011a50000, 0x0000000012a50000)
 End Bits:   [0x0000000012a50000, 0x0000000013a50000)

Polling page: 0x0000000001dd0000

CodeCache: size=245760Kb used=1963Kb max_used=1975Kb free=243796Kb
 bounds [0x0000000001f20000, 0x0000000002190000, 0x0000000010f20000]
 total_blobs=707 nmethods=438 adapters=182
 compilation: enabled

Compilation events (10 events):
Event: 2.880 Thread 0x000000001466c800 nmethod 427 0x000000000210d210 code [0x000000000210d360, 0x000000000210d450]
Event: 2.880 Thread 0x000000001466c800  450       1       com.android.dx.ssa.SsaBasicBlock::setReachable (6 bytes)
Event: 2.880 Thread 0x000000001466c800 nmethod 450 0x000000000210d4d0 code [0x000000000210d620, 0x000000000210d730]
Event: 2.880 Thread 0x000000001466c800  444       1       com.android.dx.ssa.SsaRenamer::access$1100 (5 bytes)
Event: 2.880 Thread 0x000000001466c800 nmethod 444 0x000000000210d790 code [0x000000000210d8e0, 0x000000000210d9d0]
Event: 2.880 Thread 0x000000001466c800  413   !   3       com.android.dx.cf.code.BytecodeArray::parseInstruction (2764 bytes)
Event: 2.880 Thread 0x0000000014666000 nmethod 408 0x0000000002100150 code [0x0000000002100280, 0x00000000021002f8]
Event: 2.880 Thread 0x000000001460d000  449       4       java.util.HashMap::getNode (148 bytes)
Event: 2.880 Thread 0x0000000014666000  438       4       java.util.ArrayList$Itr::next (66 bytes)
Event: 2.882 Thread 0x0000000014666000 nmethod 438 0x00000000020ffd90 code [0x00000000020ffee0, 0x00000000020ffff8]

GC Heap History (0 events):
No events

Deoptimization events (0 events):
No events

Internal exceptions (2 events):
Event: 0.081 Thread 0x0000000001e20800 Exception <a 'java/lang/NoSuchMethodError': Method sun.misc.Unsafe.defineClass(Ljava/lang/String;[BII)Ljava/lang/Class; name or signature does not match> (0x00000000eab0d5b8) thrown at [C:\workspace\8-2-build-windows-amd64-cygwin\jdk8u65\4987\hotspot\src\sa(N#Òﬁ¥?
Event: 0.082 Thread 0x0000000001e20800 Exception <a 'java/lang/NoSuchMethodError': Method sun.misc.Unsafe.prefetchRead(Ljava/lang/Object;J)V name or signature does not match> (0x00000000eab0d8a0) thrown at [C:\workspace\8-2-build-windows-amd64-cygwin\jdk8u65\4987\hotspot\src\share\vm\prims\jni.

Events (10 events):
Event: 2.860 loading class com/android/dx/dex/code/StdCatchBuilder
Event: 2.860 loading class com/android/dx/dex/code/StdCatchBuilder done
Event: 2.861 loading class com/android/dx/dex/code/DalvCode
Event: 2.861 loading class com/android/dx/dex/code/DalvCode done
Event: 2.862 loading class java/io/PrintWriter
Event: 2.862 loading class java/io/PrintWriter done
Event: 2.862 loading class com/android/dx/dex/file/DebugInfoItem
Event: 2.862 loading class com/android/dx/dex/file/DebugInfoItem done
Event: 2.863 loading class com/android/dx/rop/cst/CstArray$List
Event: 2.863 loading class com/android/dx/rop/cst/CstArray$List done


Dynamic libraries:
0x00007ff7fe050000 - 0x00007ff7fe087000 	C:\Program Files\Java\jdk1.8.0_65\bin\java.exe
0x00007ffd8a0f0000 - 0x00007ffd8a29c000 	C:\Windows\SYSTEM32\ntdll.dll
0x00007ffd86780000 - 0x00007ffd868ba000 	C:\Windows\system32\KERNEL32.DLL
0x00007ffd73040000 - 0x00007ffd73073000 	C:\Program Files (x86)\AVG\Av\avghooka.dll
0x00007ffd863c0000 - 0x00007ffd864d0000 	C:\Windows\system32\KERNELBASE.dll
0x00007ffd844a0000 - 0x00007ffd8452e000 	C:\Windows\system32\apphelp.dll
0x00007ffd75550000 - 0x00007ffd755a3000 	C:\Windows\AppPatch\AppPatch64\AcGenral.DLL
0x00007ffd88d00000 - 0x00007ffd88da7000 	C:\Windows\system32\msvcrt.dll
0x00007ffd85e70000 - 0x00007ffd85e9b000 	C:\Windows\SYSTEM32\SspiCli.dll
0x00007ffd868c0000 - 0x00007ffd86911000 	C:\Windows\system32\SHLWAPI.dll
0x00007ffd86530000 - 0x00007ffd866a1000 	C:\Windows\system32\USER32.dll
0x00007ffd88b40000 - 0x00007ffd88cd4000 	C:\Windows\system32\ole32.dll
0x00007ffd87220000 - 0x00007ffd88738000 	C:\Windows\system32\SHELL32.dll
0x00007ffd85610000 - 0x00007ffd8562f000 	C:\Windows\SYSTEM32\USERENV.dll
0x00007ffd88940000 - 0x00007ffd889e5000 	C:\Windows\system32\ADVAPI32.dll
0x00007ffd7df40000 - 0x00007ffd7df5b000 	C:\Windows\SYSTEM32\MPR.dll
0x00007ffd887b0000 - 0x00007ffd888f1000 	C:\Windows\system32\RPCRT4.dll
0x00007ffd869e0000 - 0x00007ffd86a37000 	C:\Windows\SYSTEM32\sechost.dll
0x00007ffd86e90000 - 0x00007ffd87066000 	C:\Windows\SYSTEM32\combase.dll
0x00007ffd889f0000 - 0x00007ffd88b40000 	C:\Windows\system32\GDI32.dll
0x00007ffd85fc0000 - 0x00007ffd85fd4000 	C:\Windows\SYSTEM32\profapi.dll
0x00007ffd84980000 - 0x00007ffd84a1f000 	C:\Windows\SYSTEM32\SHCORE.dll
0x00007ffd88900000 - 0x00007ffd88934000 	C:\Windows\system32\IMM32.DLL
0x00007ffd86c20000 - 0x00007ffd86d71000 	C:\Windows\system32\MSCTF.dll
0x00007ffd84530000 - 0x00007ffd847aa000 	C:\Windows\WinSxS\amd64_microsoft.windows.common-controls_6595b64144ccf1df_6.0.9600.17810_none_6240b9c7ecbd0bda\COMCTL32.dll
0x0000000059ed0000 - 0x0000000059fa2000 	C:\Program Files\Java\jdk1.8.0_65\jre\bin\msvcr100.dll
0x000000005a350000 - 0x000000005abd9000 	C:\Program Files\Java\jdk1.8.0_65\jre\bin\server\jvm.dll
0x00007ffd82790000 - 0x00007ffd82799000 	C:\Windows\SYSTEM32\WSOCK32.dll
0x00007ffd7de30000 - 0x00007ffd7de4f000 	C:\Windows\SYSTEM32\WINMM.dll
0x00007ffd7df70000 - 0x00007ffd7df7a000 	C:\Windows\SYSTEM32\VERSION.dll
0x00007ffd86d80000 - 0x00007ffd86d87000 	C:\Windows\system32\PSAPI.DLL
0x00007ffd864d0000 - 0x00007ffd86528000 	C:\Windows\system32\WS2_32.dll
0x00007ffd7de00000 - 0x00007ffd7de2a000 	C:\Windows\SYSTEM32\WINMMBASE.dll
0x00007ffd887a0000 - 0x00007ffd887a9000 	C:\Windows\system32\NSI.dll
0x00007ffd86370000 - 0x00007ffd863ba000 	C:\Windows\SYSTEM32\cfgmgr32.dll
0x00007ffd84e20000 - 0x00007ffd84e46000 	C:\Windows\SYSTEM32\DEVOBJ.dll
0x000000005a340000 - 0x000000005a34f000 	C:\Program Files\Java\jdk1.8.0_65\jre\bin\verify.dll
0x000000005a310000 - 0x000000005a339000 	C:\Program Files\Java\jdk1.8.0_65\jre\bin\java.dll
0x000000005a2f0000 - 0x000000005a306000 	C:\Program Files\Java\jdk1.8.0_65\jre\bin\zip.dll

VM Arguments:
jvm_args: -Djava.awt.headless=true -Xmx1024M -Dfile.encoding=windows-1252 -Duser.country=US -Duser.language=en -Duser.variant 
java_command: com.android.dx.command.Main --dex --force-jumbo --num-threads=4 --multi-dex --output C:\Users\Israt\AndroidStudioProjects\Project\app\build\intermediates\transforms\dex\debug\folders\1000\10\com.android.support-cardview-v7-23.1.1_efdddeab887915744e8d34d519d3666cb7f96987 C:\Users\Israt\AndroidStudioProjects\Project\app\build\intermediates\exploded-aar\com.android.support\cardview-v7\23.1.1\jars\classes.jar
java_class_path (initial): C:\Users\Israt\AppData\Local\Android\sdk\build-tools\23.0.1\lib\dx.jar
Launcher Type: SUN_STANDARD

Environment Variables:
JAVA_HOME=C:\Program Files\Java\jdk1.8.0_65
PATH=C:\ProgramData\Oracle\Java\javapath;C:\oraclexe\app\oracle\product\10.2.0\server\bin;C:\Windows\system32;C:\Windows;C:\Windows\System32\Wbem;C:\Windows\System32\WindowsPowerShell\v1.0\; C:\Program Files (x86)\Java\jre8;C:\Program Files (x86)\Windows Live\Shared;C:\Program Files\Microsoft\Web Platform Installer\;C:\Program Files (x86)\Microsoft ASP.NET\ASP.NET Web Pages\v1.0\;C:\Program Files (x86)\Windows Kits\8.0\Windows Performance Toolkit\;C:\Program Files\Microsoft SQL Server\110\Tools\Binn\;E:\matlab\runtime\win64;E:\matlab\bin;E:\matlab\polyspace\bin;C:\Program Files (x86)\Skype\Phone\C:\Program Files\MySQL\MySQL Server 5.7\bin\bin;C:\Users\Israt\AppData\Local\Programs\MiKTeX 2.9\miktex\bin\
USERNAME=Israt
OS=Windows_NT
PROCESSOR_IDENTIFIER=Intel64 Family 6 Model 60 Stepping 3, GenuineIntel



---------------  S Y S T E M  ---------------

OS: Windows 8.1 , 64 bit Build 9600 (6.3.9600.17031)

CPU:total 4 (2 cores per cpu, 2 threads per core) family 6 model 60 stepping 3, cmov, cx8, fxsr, mmx, sse, sse2, sse3, ssse3, sse4.1, sse4.2, popcnt, avx, avx2, aes, clmul, erms, lzcnt, ht, tsc, tscinvbit, bmi1, bmi2

Memory: 4k page, physical 4072560k(756392k free), swap 7218288k(3676k free)

vm_info: Java HotSpot(TM) 64-Bit Server VM (25.65-b01) for windows-amd64 JRE (1.8.0_65-b17), built on Oct  6 2015 16:39:20 by "java_re" with MS VC++ 10.0 (VS2010)

time: Thu May 19 23:47:32 2016
elapsed time: 2 seconds (0d 0h 0m 2s)

