#
# There is insufficient memory for the Java Runtime Environment to continue.
# Native memory allocation (malloc) failed to allocate 421552 bytes for Chunk::new
# Possible reasons:
#   The system is out of physical RAM or swap space
#   In 32 bit mode, the process size limit was hit
# Possible solutions:
#   Reduce memory load on the system
#   Increase physical memory or swap space
#   Check if swap backing store is full
#   Use 64 bit Java on a 64 bit OS
#   Decrease Java heap size (-Xmx/-Xms)
#   Decrease number of Java threads
#   Decrease Java thread stack sizes (-Xss)
#   Set larger code cache with -XX:ReservedCodeCacheSize=
# This output file may be truncated or incomplete.
#
#  Out of Memory Error (allocation.cpp:390), pid=4188, tid=176
#
# JRE version: Java(TM) SE Runtime Environment (8.0_65-b17) (build 1.8.0_65-b17)
# Java VM: Java HotSpot(TM) 64-Bit Server VM (25.65-b01 mixed mode windows-amd64 compressed oops)
# Failed to write core dump. Minidumps are not enabled by default on client versions of Windows
#

---------------  T H R E A D  ---------------

Current thread (0x0000000014c47800):  JavaThread "C2 CompilerThread1" daemon [_thread_in_native, id=176, stack(0x0000000016330000,0x0000000016430000)]

Stack: [0x0000000016330000,0x0000000016430000]
[error occurred during error reporting (printing stack bounds), id 0xc0000005]

Native frames: (J=compiled Java code, j=interpreted, Vv=VM code, C=native code)


Current CompileTask:
C2:   5012 1128       4       com.android.dx.ssa.SCCP::simulateStmt (481 bytes)


---------------  P R O C E S S  ---------------

Java Threads: ( => current thread )
  0x000000001678f800 JavaThread "pool-2-thread-4" [_thread_in_vm, id=6388, stack(0x0000000016f30000,0x0000000017030000)]
  0x000000001676b800 JavaThread "pool-2-thread-3" [_thread_blocked, id=392, stack(0x0000000016e30000,0x0000000016f30000)]
  0x00000000166c1800 JavaThread "pool-2-thread-2" [_thread_blocked, id=6624, stack(0x0000000016d30000,0x0000000016e30000)]
  0x00000000166bf000 JavaThread "pool-3-thread-1" [_thread_blocked, id=8892, stack(0x0000000016c30000,0x0000000016d30000)]
  0x00000000166bc800 JavaThread "pool-2-thread-1" [_thread_blocked, id=5560, stack(0x0000000016b30000,0x0000000016c30000)]
  0x0000000016536800 JavaThread "Service Thread" daemon [_thread_blocked, id=8036, stack(0x0000000016930000,0x0000000016a30000)]
  0x0000000014c4a000 JavaThread "C1 CompilerThread2" daemon [_thread_in_native, id=9992, stack(0x0000000016430000,0x0000000016530000)]
=>0x0000000014c47800 JavaThread "C2 CompilerThread1" daemon [_thread_in_native, id=176, stack(0x0000000016330000,0x0000000016430000)]
  0x0000000014bfa000 JavaThread "C2 CompilerThread0" daemon [_thread_in_native, id=4592, stack(0x0000000016230000,0x0000000016330000)]
  0x0000000014bf8800 JavaThread "Attach Listener" daemon [_thread_blocked, id=5924, stack(0x0000000016130000,0x0000000016230000)]
  0x0000000014bf7000 JavaThread "Signal Dispatcher" daemon [_thread_blocked, id=1316, stack(0x0000000016030000,0x0000000016130000)]
  0x0000000002516000 JavaThread "Finalizer" daemon [_thread_blocked, id=8616, stack(0x0000000015e50000,0x0000000015f50000)]
  0x000000000250d000 JavaThread "Reference Handler" daemon [_thread_blocked, id=6928, stack(0x0000000015d50000,0x0000000015e50000)]
  0x0000000002420800 JavaThread "main" [_thread_in_Java, id=8064, stack(0x0000000002320000,0x0000000002420000)]

Other Threads:
  0x0000000014bb7800 VMThread [stack: 0x0000000015c50000,0x0000000015d50000] [id=9772]
  0x000000001654a000 WatcherThread [stack: 0x0000000016a30000,0x0000000016b30000] [id=5408]

VM state:not at safepoint (normal execution)

VM Mutex/Monitor currently owned by a thread: None

Heap:
 PSYoungGen      total 18944K, used 10866K [0x00000000eab00000, 0x00000000ec000000, 0x0000000100000000)
  eden space 16384K, 50% used [0x00000000eab00000,0x00000000eb31e070,0x00000000ebb00000)
  from space 2560K, 99% used [0x00000000ebb00000,0x00000000ebd7eaa0,0x00000000ebd80000)
  to   space 2560K, 0% used [0x00000000ebd80000,0x00000000ebd80000,0x00000000ec000000)
 ParOldGen       total 44032K, used 2123K [0x00000000c0000000, 0x00000000c2b00000, 0x00000000eab00000)
  object space 44032K, 4% used [0x00000000c0000000,0x00000000c0212ff0,0x00000000c2b00000)
 Metaspace       used 5798K, capacity 6896K, committed 7040K, reserved 1056768K
  class space    used 584K, capacity 616K, committed 640K, reserved 1048576K

Card table byte_map: [0x00000000118e0000,0x0000000011af0000] byte_map_base: 0x00000000112e0000

Marking Bits: (ParMarkBitMap*) 0x000000005ab5a5b0
 Begin Bits: [0x0000000012050000, 0x0000000013050000)
 End Bits:   [0x0000000013050000, 0x0000000014050000)

Polling page: 0x0000000000b10000

CodeCache: size=245760Kb used=4713Kb max_used=4713Kb free=241046Kb
 bounds [0x0000000002520000, 0x00000000029c0000, 0x0000000011520000]
 total_blobs=1415 nmethods=1147 adapters=181
 compilation: enabled

Compilation events (10 events):
Event: 4.811 Thread 0x0000000014c4a000 1144       3       com.android.dx.rop.code.FillArrayDataInsn::withNewRegisters (25 bytes)
Event: 4.811 Thread 0x0000000014c4a000 nmethod 1144 0x000000000299ec50 code [0x000000000299edc0, 0x000000000299f0e8]
Event: 4.812 Thread 0x0000000014c4a000 1145       3       com.android.dx.rop.code.FillArrayDataInsn::accept (8 bytes)
Event: 4.812 Thread 0x0000000014c4a000 nmethod 1145 0x00000000029b2c10 code [0x00000000029b2d80, 0x00000000029b2fa8]
Event: 4.813 Thread 0x0000000014c4a000 1146       3       java.util.TreeMap::rotateLeft (96 bytes)
Event: 4.813 Thread 0x0000000014c4a000 nmethod 1146 0x00000000029b3090 code [0x00000000029b3200, 0x00000000029b3550]
Event: 4.814 Thread 0x0000000014c4a000 1147   !   3       com.android.dx.cf.direct.AttributeFactory::parse (248 bytes)
Event: 5.008 Thread 0x0000000014c4a000 nmethod 1147 0x00000000029b3650 code [0x00000000029b3c40, 0x00000000029b7a88]
Event: 5.008 Thread 0x0000000014bfa000 1148       4       java.util.Arrays::hashCode (56 bytes)
Event: 5.009 Thread 0x0000000014c4a000 1150       3       com.android.dx.cf.code.Ropper::addExceptionSetupBlocks (203 bytes)

GC Heap History (2 events):
Event: 4.277 GC heap before
{Heap before GC invocations=1 (full 0):
 PSYoungGen      total 18944K, used 16384K [0x00000000eab00000, 0x00000000ec000000, 0x0000000100000000)
  eden space 16384K, 100% used [0x00000000eab00000,0x00000000ebb00000,0x00000000ebb00000)
  from space 2560K, 0% used [0x00000000ebd80000,0x00000000ebd80000,0x00000000ec000000)
  to   space 2560K, 0% used [0x00000000ebb00000,0x00000000ebb00000,0x00000000ebd80000)
 ParOldGen       total 44032K, used 0K [0x00000000c0000000, 0x00000000c2b00000, 0x00000000eab00000)
  object space 44032K, 0% used [0x00000000c0000000,0x00000000c0000000,0x00000000c2b00000)
 Metaspace       used 5680K, capacity 6768K, committed 7040K, reserved 1056768K
  class space    used 584K, capacity 616K, committed 640K, reserved 1048576K
Event: 4.437 GC heap after
Heap after GC invocations=1 (full 0):
 PSYoungGen      total 18944K, used 2554K [0x00000000eab00000, 0x00000000ec000000, 0x0000000100000000)
  eden space 16384K, 0% used [0x00000000eab00000,0x00000000eab00000,0x00000000ebb00000)
  from space 2560K, 99% used [0x00000000ebb00000,0x00000000ebd7eaa0,0x00000000ebd80000)
  to   space 2560K, 0% used [0x00000000ebd80000,0x00000000ebd80000,0x00000000ec000000)
 ParOldGen       total 44032K, used 2123K [0x00000000c0000000, 0x00000000c2b00000, 0x00000000eab00000)
  object space 44032K, 4% used [0x00000000c0000000,0x00000000c0212ff0,0x00000000c2b00000)
 Metaspace       used 5680K, capacity 6768K, committed 7040K, reserved 1056768K
  class space    used 584K, capacity 616K, committed 640K, reserved 1048576K
}

Deoptimization events (6 events):
Event: 3.636 Thread 0x0000000002420800 Uncommon trap: reason=unstable_if action=reinterpret pc=0x0000000002726720 method=java.util.HashMap.getNode(ILjava/lang/Object;)Ljava/util/HashMap$Node; @ 129
Event: 3.971 Thread 0x000000001676b800 Uncommon trap: reason=null_check action=make_not_entrant pc=0x000000000279b8a8 method=com.android.dx.ssa.SsaRenamer.getLocalForNewReg(I)Lcom/android/dx/rop/code/LocalItem; @ 19
Event: 4.048 Thread 0x00000000166c1800 Uncommon trap: reason=unstable_if action=reinterpret pc=0x0000000002729230 method=java.util.BitSet.nextSetBit(I)I @ 87
Event: 4.114 Thread 0x00000000166bc800 Uncommon trap: reason=unstable_if action=reinterpret pc=0x000000000272bfd8 method=java.util.HashMap.getNode(ILjava/lang/Object;)Ljava/util/HashMap$Node; @ 129
Event: 4.786 Thread 0x000000001678f800 Uncommon trap: reason=class_check action=maybe_recompile pc=0x00000000029a6b28 method=com.android.dx.cf.code.BytecodeArray.parseInstruction(ILcom/android/dx/cf/code/BytecodeArray$Visitor;)I @ 1891
Event: 4.808 Thread 0x000000001678f800 Uncommon trap: reason=class_check action=maybe_recompile pc=0x00000000029a6b28 method=com.android.dx.cf.code.BytecodeArray.parseInstruction(ILcom/android/dx/cf/code/BytecodeArray$Visitor;)I @ 1891

Internal exceptions (3 events):
Event: 0.275 Thread 0x0000000002420800 Exception <a 'java/lang/NoSuchMethodError': Method sun.misc.Unsafe.defineClass(Ljava/lang/String;[BII)Ljava/lang/Class; name or signature does not match> (0x00000000eab0d888) thrown at [C:\workspace\8-2-build-windows-amd64-cygwin\jdk8u65\4987\hotspot\src\s)Àp“Ñ?
Event: 0.275 Thread 0x0000000002420800 Exception <a 'java/lang/NoSuchMethodError': Method sun.misc.Unsafe.prefetchRead(Ljava/lang/Object;J)V name or signature does not match> (0x00000000eab0db70) thrown at [C:\workspace\8-2-build-windows-amd64-cygwin\jdk8u65\4987\hotspot\src\share\vm\prims\jni.™ª[“Ä@
Event: 3.971 Thread 0x000000001676b800 Implicit null exception at 0x000000000279a328 to 0x000000000279b885

Events (10 events):
Event: 4.263 Executing VM operation: ParallelGCFailedAllocation
Event: 4.437 Executing VM operation: ParallelGCFailedAllocation done
Event: 4.786 Thread 0x000000001678f800 Uncommon trap: trap_request=0xffffffde fr.pc=0x00000000029a6b28
Event: 4.786 Thread 0x000000001678f800 DEOPT PACKING pc=0x00000000029a6b28 sp=0x000000001702e6c0
Event: 4.786 Thread 0x000000001678f800 DEOPT UNPACKING pc=0x000000000256582a sp=0x000000001702e618 mode 2
Event: 4.808 Thread 0x000000001678f800 Uncommon trap: trap_request=0xffffffde fr.pc=0x00000000029a6b28
Event: 4.808 Thread 0x000000001678f800 DEOPT PACKING pc=0x00000000029a6b28 sp=0x000000001702e6c0
Event: 4.808 Thread 0x000000001678f800 DEOPT UNPACKING pc=0x000000000256582a sp=0x000000001702e618 mode 2
Event: 4.815 Executing VM operation: EnableBiasedLocking
Event: 5.008 Executing VM operation: EnableBiasedLocking done


Dynamic libraries:
0x00007ff7fe050000 - 0x00007ff7fe087000 	C:\Program Files\Java\jdk1.8.0_65\bin\java.exe
0x00007ffd8a0f0000 - 0x00007ffd8a29c000 	C:\Windows\SYSTEM32\ntdll.dll
0x00007ffd86780000 - 0x00007ffd868ba000 	C:\Windows\system32\KERNEL32.DLL
0x00007ffd73040000 - 0x00007ffd73073000 	C:\Program Files (x86)\AVG\Av\avghooka.dll
0x00007ffd863c0000 - 0x00007ffd864d0000 	C:\Windows\system32\KERNELBASE.dll
0x00007ffd844a0000 - 0x00007ffd8452e000 	C:\Windows\system32\apphelp.dll
0x00007ffd75550000 - 0x00007ffd755a3000 	C:\Windows\AppPatch\AppPatch64\AcGenral.DLL
0x00007ffd88d00000 - 0x00007ffd88da7000 	C:\Windows\system32\msvcrt.dll
0x00007ffd85e70000 - 0x00007ffd85e9b000 	C:\Windows\SYSTEM32\SspiCli.dll
0x00007ffd868c0000 - 0x00007ffd86911000 	C:\Windows\system32\SHLWAPI.dll
0x00007ffd86530000 - 0x00007ffd866a1000 	C:\Windows\system32\USER32.dll
0x00007ffd88b40000 - 0x00007ffd88cd4000 	C:\Windows\system32\ole32.dll
0x00007ffd87220000 - 0x00007ffd88738000 	C:\Windows\system32\SHELL32.dll
0x00007ffd85610000 - 0x00007ffd8562f000 	C:\Windows\SYSTEM32\USERENV.dll
0x00007ffd88940000 - 0x00007ffd889e5000 	C:\Windows\system32\ADVAPI32.dll
0x00007ffd7df40000 - 0x00007ffd7df5b000 	C:\Windows\SYSTEM32\MPR.dll
0x00007ffd887b0000 - 0x00007ffd888f1000 	C:\Windows\system32\RPCRT4.dll
0x00007ffd869e0000 - 0x00007ffd86a37000 	C:\Windows\SYSTEM32\sechost.dll
0x00007ffd86e90000 - 0x00007ffd87066000 	C:\Windows\SYSTEM32\combase.dll
0x00007ffd889f0000 - 0x00007ffd88b40000 	C:\Windows\system32\GDI32.dll
0x00007ffd85fc0000 - 0x00007ffd85fd4000 	C:\Windows\SYSTEM32\profapi.dll
0x00007ffd84980000 - 0x00007ffd84a1f000 	C:\Windows\SYSTEM32\SHCORE.dll
0x00007ffd88900000 - 0x00007ffd88934000 	C:\Windows\system32\IMM32.DLL
0x00007ffd86c20000 - 0x00007ffd86d71000 	C:\Windows\system32\MSCTF.dll
0x00007ffd84530000 - 0x00007ffd847aa000 	C:\Windows\WinSxS\amd64_microsoft.windows.common-controls_6595b64144ccf1df_6.0.9600.17810_none_6240b9c7ecbd0bda\COMCTL32.dll
0x0000000059ed0000 - 0x0000000059fa2000 	C:\Program Files\Java\jdk1.8.0_65\jre\bin\msvcr100.dll
0x000000005a350000 - 0x000000005abd9000 	C:\Program Files\Java\jdk1.8.0_65\jre\bin\server\jvm.dll
0x00007ffd82790000 - 0x00007ffd82799000 	C:\Windows\SYSTEM32\WSOCK32.dll
0x00007ffd7de30000 - 0x00007ffd7de4f000 	C:\Windows\SYSTEM32\WINMM.dll
0x00007ffd7df70000 - 0x00007ffd7df7a000 	C:\Windows\SYSTEM32\VERSION.dll
0x00007ffd86d80000 - 0x00007ffd86d87000 	C:\Windows\system32\PSAPI.DLL
0x00007ffd864d0000 - 0x00007ffd86528000 	C:\Windows\system32\WS2_32.dll
0x00007ffd7de00000 - 0x00007ffd7de2a000 	C:\Windows\SYSTEM32\WINMMBASE.dll
0x00007ffd887a0000 - 0x00007ffd887a9000 	C:\Windows\system32\NSI.dll
0x00007ffd86370000 - 0x00007ffd863ba000 	C:\Windows\SYSTEM32\cfgmgr32.dll
0x00007ffd84e20000 - 0x00007ffd84e46000 	C:\Windows\SYSTEM32\DEVOBJ.dll
0x000000005a340000 - 0x000000005a34f000 	C:\Program Files\Java\jdk1.8.0_65\jre\bin\verify.dll
0x000000005a310000 - 0x000000005a339000 	C:\Program Files\Java\jdk1.8.0_65\jre\bin\java.dll
0x000000005a2f0000 - 0x000000005a306000 	C:\Program Files\Java\jdk1.8.0_65\jre\bin\zip.dll

VM Arguments:
jvm_args: -Djava.awt.headless=true -Xmx1024M -Dfile.encoding=windows-1252 -Duser.country=US -Duser.language=en -Duser.variant 
java_command: com.android.dx.command.Main --dex --force-jumbo --num-threads=4 --multi-dex --output C:\Users\Israt\AndroidStudioProjects\Project\app\build\intermediates\transforms\dex\debug\folders\1000\10\com.daimajia.androidanimations-library-1.1.3_400e817b03129a73fc26fe71a226963c1ddb70fa C:\Users\Israt\AndroidStudioProjects\Project\app\build\intermediates\exploded-aar\com.daimajia.androidanimations\library\1.1.3\jars\classes.jar
java_class_path (initial): C:\Users\Israt\AppData\Local\Android\sdk\build-tools\23.0.1\lib\dx.jar
Launcher Type: SUN_STANDARD

Environment Variables:
JAVA_HOME=C:\Program Files\Java\jdk1.8.0_65
PATH=C:\ProgramData\Oracle\Java\javapath;C:\oraclexe\app\oracle\product\10.2.0\server\bin;C:\Windows\system32;C:\Windows;C:\Windows\System32\Wbem;C:\Windows\System32\WindowsPowerShell\v1.0\; C:\Program Files (x86)\Java\jre8;C:\Program Files (x86)\Windows Live\Shared;C:\Program Files\Microsoft\Web Platform Installer\;C:\Program Files (x86)\Microsoft ASP.NET\ASP.NET Web Pages\v1.0\;C:\Program Files (x86)\Windows Kits\8.0\Windows Performance Toolkit\;C:\Program Files\Microsoft SQL Server\110\Tools\Binn\;E:\matlab\runtime\win64;E:\matlab\bin;E:\matlab\polyspace\bin;C:\Program Files (x86)\Skype\Phone\C:\Program Files\MySQL\MySQL Server 5.7\bin\bin;C:\Users\Israt\AppData\Local\Programs\MiKTeX 2.9\miktex\bin\
USERNAME=Israt
OS=Windows_NT
PROCESSOR_IDENTIFIER=Intel64 Family 6 Model 60 Stepping 3, GenuineIntel



---------------  S Y S T E M  ---------------

OS: Windows 8.1 , 64 bit Build 9600 (6.3.9600.17031)

CPU:total 4 (2 cores per cpu, 2 threads per core) family 6 model 60 stepping 3, cmov, cx8, fxsr, mmx, sse, sse2, sse3, ssse3, sse4.1, sse4.2, popcnt, avx, avx2, aes, clmul, erms, lzcnt, ht, tsc, tscinvbit, bmi1, bmi2

Memory: 4k page, physical 4072560k(587692k free), swap 7218288k(5240k free)

vm_info: Java HotSpot(TM) 64-Bit Server VM (25.65-b01) for windows-amd64 JRE (1.8.0_65-b17), built on Oct  6 2015 16:39:20 by "java_re" with MS VC++ 10.0 (VS2010)

time: Fri May 20 00:07:32 2016
elapsed time: 5 seconds (0d 0h 0m 5s)

