#
# There is insufficient memory for the Java Runtime Environment to continue.
# Native memory allocation (malloc) failed to allocate 601056 bytes for Chunk::new
# Possible reasons:
#   The system is out of physical RAM or swap space
#   In 32 bit mode, the process size limit was hit
# Possible solutions:
#   Reduce memory load on the system
#   Increase physical memory or swap space
#   Check if swap backing store is full
#   Use 64 bit Java on a 64 bit OS
#   Decrease Java heap size (-Xmx/-Xms)
#   Decrease number of Java threads
#   Decrease Java thread stack sizes (-Xss)
#   Set larger code cache with -XX:ReservedCodeCacheSize=
# This output file may be truncated or incomplete.
#
#  Out of Memory Error (allocation.cpp:390), pid=8260, tid=8492
#
# JRE version: Java(TM) SE Runtime Environment (8.0_65-b17) (build 1.8.0_65-b17)
# Java VM: Java HotSpot(TM) 64-Bit Server VM (25.65-b01 mixed mode windows-amd64 compressed oops)
# Failed to write core dump. Minidumps are not enabled by default on client versions of Windows
#

---------------  T H R E A D  ---------------

Current thread (0x00000000153c4800):  JavaThread "C2 CompilerThread1" daemon [_thread_in_native, id=8492, stack(0x0000000016af0000,0x0000000016bf0000)]

Stack: [0x0000000016af0000,0x0000000016bf0000]
[error occurred during error reporting (printing stack bounds), id 0xc0000005]

Native frames: (J=compiled Java code, j=interpreted, Vv=VM code, C=native code)


Current CompileTask:
C2:   2079 1181       4       com.android.dx.ssa.SCCP::simulateBranch (666 bytes)


---------------  P R O C E S S  ---------------

Java Threads: ( => current thread )
  0x0000000016e8b000 JavaThread "pool-2-thread-4" [_thread_blocked, id=6648, stack(0x00000000176f0000,0x00000000177f0000)]
  0x0000000016e8a800 JavaThread "pool-2-thread-3" [_thread_in_Java, id=7768, stack(0x00000000175f0000,0x00000000176f0000)]
  0x0000000016e87800 JavaThread "pool-2-thread-2" [_thread_in_Java, id=6212, stack(0x00000000174f0000,0x00000000175f0000)]
  0x0000000016e50800 JavaThread "pool-3-thread-1" [_thread_blocked, id=880, stack(0x00000000173f0000,0x00000000174f0000)]
  0x0000000016e48000 JavaThread "pool-2-thread-1" [_thread_blocked, id=1564, stack(0x00000000172f0000,0x00000000173f0000)]
  0x0000000016bfe000 JavaThread "Service Thread" daemon [_thread_blocked, id=6372, stack(0x00000000170f0000,0x00000000171f0000)]
  0x0000000016bf8800 JavaThread "C1 CompilerThread2" daemon [_thread_in_vm, id=5656, stack(0x0000000016ff0000,0x00000000170f0000)]
=>0x00000000153c4800 JavaThread "C2 CompilerThread1" daemon [_thread_in_native, id=8492, stack(0x0000000016af0000,0x0000000016bf0000)]
  0x00000000153bd800 JavaThread "C2 CompilerThread0" daemon [_thread_in_native, id=1676, stack(0x00000000169f0000,0x0000000016af0000)]
  0x00000000153bc000 JavaThread "Attach Listener" daemon [_thread_blocked, id=6856, stack(0x00000000168f0000,0x00000000169f0000)]
  0x00000000153ba800 JavaThread "Signal Dispatcher" daemon [_thread_blocked, id=6552, stack(0x00000000167f0000,0x00000000168f0000)]
  0x0000000002ce2000 JavaThread "Finalizer" daemon [_thread_blocked, id=7120, stack(0x0000000016610000,0x0000000016710000)]
  0x0000000002cdf000 JavaThread "Reference Handler" daemon [_thread_blocked, id=4356, stack(0x0000000016510000,0x0000000016610000)]
  0x0000000002bf0800 JavaThread "main" [_thread_in_Java, id=8436, stack(0x0000000002af0000,0x0000000002bf0000)]

Other Threads:
  0x0000000015387800 VMThread [stack: 0x0000000016410000,0x0000000016510000] [id=5400]
  0x0000000016c01000 WatcherThread [stack: 0x00000000171f0000,0x00000000172f0000] [id=6884]

VM state:not at safepoint (normal execution)

VM Mutex/Monitor currently owned by a thread: None

Heap:
 PSYoungGen      total 18944K, used 17035K [0x00000000eab00000, 0x00000000ed000000, 0x0000000100000000)
  eden space 16384K, 88% used [0x00000000eab00000,0x00000000eb925180,0x00000000ebb00000)
  from space 2560K, 99% used [0x00000000ebb00000,0x00000000ebd7dc78,0x00000000ebd80000)
  to   space 2560K, 0% used [0x00000000ecd80000,0x00000000ecd80000,0x00000000ed000000)
 ParOldGen       total 44032K, used 1516K [0x00000000c0000000, 0x00000000c2b00000, 0x00000000eab00000)
  object space 44032K, 3% used [0x00000000c0000000,0x00000000c017b3a8,0x00000000c2b00000)
 Metaspace       used 5879K, capacity 6896K, committed 7040K, reserved 1056768K
  class space    used 594K, capacity 616K, committed 640K, reserved 1048576K

Card table byte_map: [0x00000000120b0000,0x00000000122c0000] byte_map_base: 0x0000000011ab0000

Marking Bits: (ParMarkBitMap*) 0x000000005ab5a5b0
 Begin Bits: [0x0000000012820000, 0x0000000013820000)
 End Bits:   [0x0000000013820000, 0x0000000014820000)

Polling page: 0x0000000002a00000

CodeCache: size=245760Kb used=4778Kb max_used=4778Kb free=240981Kb
 bounds [0x0000000002cf0000, 0x00000000031a0000, 0x0000000011cf0000]
 total_blobs=1477 nmethods=1208 adapters=182
 compilation: enabled

Compilation events (10 events):
Event: 2.076 Thread 0x0000000016bf8800 nmethod 1213 0x0000000003195d10 code [0x0000000003195e80, 0x0000000003196088]
Event: 2.076 Thread 0x0000000016bf8800 1212       2       java.util.Collections$UnmodifiableCollection$1::hasNext (10 bytes)
Event: 2.076 Thread 0x0000000016bf8800 nmethod 1212 0x0000000003195990 code [0x0000000003195b00, 0x0000000003195c88]
Event: 2.076 Thread 0x0000000016bf8800 1214       2       com.android.dx.ssa.Optimizer::getAdvice (4 bytes)
Event: 2.076 Thread 0x0000000016bf8800 nmethod 1214 0x0000000003195690 code [0x00000000031957e0, 0x0000000003195910]
Event: 2.076 Thread 0x0000000016bf8800 1206       3       com.android.dx.rop.cst.CstBaseMethodRef::isClassInit (8 bytes)
Event: 2.077 Thread 0x0000000016bf8800 nmethod 1206 0x0000000003194f50 code [0x00000000031950c0, 0x00000000031954e8]
Event: 2.077 Thread 0x0000000016bf8800 1207       3       com.android.dx.rop.cst.CstNat::isClassInit (13 bytes)
Event: 2.077 Thread 0x0000000016bf8800 nmethod 1207 0x000000000319aad0 code [0x000000000319ac40, 0x000000000319af08]
Event: 2.077 Thread 0x0000000016bf8800 1218       3       com.android.dx.ssa.LocalVariableExtractor::doit (59 bytes)

GC Heap History (2 events):
Event: 1.346 GC heap before
{Heap before GC invocations=1 (full 0):
 PSYoungGen      total 18944K, used 16384K [0x00000000eab00000, 0x00000000ec000000, 0x0000000100000000)
  eden space 16384K, 100% used [0x00000000eab00000,0x00000000ebb00000,0x00000000ebb00000)
  from space 2560K, 0% used [0x00000000ebd80000,0x00000000ebd80000,0x00000000ec000000)
  to   space 2560K, 0% used [0x00000000ebb00000,0x00000000ebb00000,0x00000000ebd80000)
 ParOldGen       total 44032K, used 0K [0x00000000c0000000, 0x00000000c2b00000, 0x00000000eab00000)
  object space 44032K, 0% used [0x00000000c0000000,0x00000000c0000000,0x00000000c2b00000)
 Metaspace       used 5657K, capacity 6704K, committed 6784K, reserved 1056768K
  class space    used 588K, capacity 616K, committed 640K, reserved 1048576K
Event: 1.438 GC heap after
Heap after GC invocations=1 (full 0):
 PSYoungGen      total 18944K, used 2551K [0x00000000eab00000, 0x00000000ed000000, 0x0000000100000000)
  eden space 16384K, 0% used [0x00000000eab00000,0x00000000eab00000,0x00000000ebb00000)
  from space 2560K, 99% used [0x00000000ebb00000,0x00000000ebd7dc78,0x00000000ebd80000)
  to   space 2560K, 0% used [0x00000000ecd80000,0x00000000ecd80000,0x00000000ed000000)
 ParOldGen       total 44032K, used 1516K [0x00000000c0000000, 0x00000000c2b00000, 0x00000000eab00000)
  object space 44032K, 3% used [0x00000000c0000000,0x00000000c017b3a8,0x00000000c2b00000)
 Metaspace       used 5657K, capacity 6704K, committed 6784K, reserved 1056768K
  class space    used 588K, capacity 616K, committed 640K, reserved 1048576K
}

Deoptimization events (9 events):
Event: 0.989 Thread 0x0000000016e8a800 Uncommon trap: reason=unstable_if action=reinterpret pc=0x0000000002f0f2a0 method=java.util.HashMap.getNode(ILjava/lang/Object;)Ljava/util/HashMap$Node; @ 129
Event: 1.166 Thread 0x0000000016e8b000 Uncommon trap: reason=class_check action=maybe_recompile pc=0x0000000002f8cd94 method=com.android.dx.ssa.NormalSsaInsn.accept(Lcom/android/dx/ssa/SsaInsn$Visitor;)V @ 9
Event: 1.186 Thread 0x0000000016e87800 Uncommon trap: reason=unstable_if action=reinterpret pc=0x0000000002fae25c method=com.android.dx.rop.cst.Constant.compareTo(Lcom/android/dx/rop/cst/Constant;)I @ 12
Event: 1.198 Thread 0x0000000016e87800 Uncommon trap: reason=unstable_if action=reinterpret pc=0x0000000002f86a5c method=java.util.HashMap.getNode(ILjava/lang/Object;)Ljava/util/HashMap$Node; @ 129
Event: 1.625 Thread 0x0000000016e48000 Uncommon trap: reason=unstable_if action=reinterpret pc=0x00000000031009bc method=com.android.dx.util.IntList.binarysearch(I)I @ 16
Event: 1.629 Thread 0x0000000016e48000 Uncommon trap: reason=unstable_if action=reinterpret pc=0x0000000002f7fcb4 method=java.util.BitSet.ensureCapacity(I)V @ 6
Event: 1.629 Thread 0x0000000016e48000 Uncommon trap: reason=unstable_if action=reinterpret pc=0x0000000002f718f0 method=java.util.BitSet.ensureCapacity(I)V @ 6
Event: 1.639 Thread 0x0000000016e48000 Uncommon trap: reason=unstable_if action=reinterpret pc=0x000000000300557c method=com.android.dx.rop.code.LocalItem.hashCode()I @ 25
Event: 1.662 Thread 0x0000000016e8a800 Uncommon trap: reason=unstable_if action=reinterpret pc=0x0000000002fbad3c method=com.android.dx.rop.code.RegisterSpec.equals(ILcom/android/dx/rop/type/TypeBearer;Lcom/android/dx/rop/code/LocalItem;)Z @ 42

Internal exceptions (2 events):
Event: 0.047 Thread 0x0000000002bf0800 Exception <a 'java/lang/NoSuchMethodError': Method sun.misc.Unsafe.defineClass(Ljava/lang/String;[BII)Ljava/lang/Class; name or signature does not match> (0x00000000eab0d6f8) thrown at [C:\workspace\8-2-build-windows-amd64-cygwin\jdk8u65\4987\hotspot\src\s‚è 9¡@¨?
Event: 0.047 Thread 0x0000000002bf0800 Exception <a 'java/lang/NoSuchMethodError': Method sun.misc.Unsafe.prefetchRead(Ljava/lang/Object;J)V name or signature does not match> (0x00000000eab0d9e0) thrown at [C:\workspace\8-2-build-windows-amd64-cygwin\jdk8u65\4987\hotspot\src\share\vm\prims\jni.

Events (10 events):
Event: 1.639 Thread 0x0000000016e48000 DEOPT UNPACKING pc=0x0000000002d3582a sp=0x00000000173ee488 mode 2
Event: 1.662 Thread 0x0000000016e8a800 Uncommon trap: trap_request=0xffffff65 fr.pc=0x0000000002fbad3c
Event: 1.662 Thread 0x0000000016e8a800 DEOPT PACKING pc=0x0000000002fbad3c sp=0x00000000176ee8b0
Event: 1.662 Thread 0x0000000016e8a800 DEOPT UNPACKING pc=0x0000000002d3582a sp=0x00000000176ee838 mode 2
Event: 1.706 loading class java/util/TreeMap$EntrySet
Event: 1.706 loading class java/util/TreeMap$EntrySet done
Event: 1.706 loading class java/util/TreeMap$EntryIterator
Event: 1.706 loading class java/util/TreeMap$EntryIterator done
Event: 1.706 Executing VM operation: Deoptimize
Event: 2.071 Executing VM operation: Deoptimize done


Dynamic libraries:
0x00007ff7fe050000 - 0x00007ff7fe087000 	C:\Program Files\Java\jdk1.8.0_65\bin\java.exe
0x00007ffd8a0f0000 - 0x00007ffd8a29c000 	C:\Windows\SYSTEM32\ntdll.dll
0x00007ffd86780000 - 0x00007ffd868ba000 	C:\Windows\system32\KERNEL32.DLL
0x00007ffd73040000 - 0x00007ffd73073000 	C:\Program Files (x86)\AVG\Av\avghooka.dll
0x00007ffd863c0000 - 0x00007ffd864d0000 	C:\Windows\system32\KERNELBASE.dll
0x00007ffd844a0000 - 0x00007ffd8452e000 	C:\Windows\system32\apphelp.dll
0x00007ffd75550000 - 0x00007ffd755a3000 	C:\Windows\AppPatch\AppPatch64\AcGenral.DLL
0x00007ffd88d00000 - 0x00007ffd88da7000 	C:\Windows\system32\msvcrt.dll
0x00007ffd85e70000 - 0x00007ffd85e9b000 	C:\Windows\SYSTEM32\SspiCli.dll
0x00007ffd868c0000 - 0x00007ffd86911000 	C:\Windows\system32\SHLWAPI.dll
0x00007ffd86530000 - 0x00007ffd866a1000 	C:\Windows\system32\USER32.dll
0x00007ffd88b40000 - 0x00007ffd88cd4000 	C:\Windows\system32\ole32.dll
0x00007ffd87220000 - 0x00007ffd88738000 	C:\Windows\system32\SHELL32.dll
0x00007ffd85610000 - 0x00007ffd8562f000 	C:\Windows\SYSTEM32\USERENV.dll
0x00007ffd88940000 - 0x00007ffd889e5000 	C:\Windows\system32\ADVAPI32.dll
0x00007ffd7df40000 - 0x00007ffd7df5b000 	C:\Windows\SYSTEM32\MPR.dll
0x00007ffd887b0000 - 0x00007ffd888f1000 	C:\Windows\system32\RPCRT4.dll
0x00007ffd869e0000 - 0x00007ffd86a37000 	C:\Windows\SYSTEM32\sechost.dll
0x00007ffd86e90000 - 0x00007ffd87066000 	C:\Windows\SYSTEM32\combase.dll
0x00007ffd889f0000 - 0x00007ffd88b40000 	C:\Windows\system32\GDI32.dll
0x00007ffd85fc0000 - 0x00007ffd85fd4000 	C:\Windows\SYSTEM32\profapi.dll
0x00007ffd84980000 - 0x00007ffd84a1f000 	C:\Windows\SYSTEM32\SHCORE.dll
0x00007ffd88900000 - 0x00007ffd88934000 	C:\Windows\system32\IMM32.DLL
0x00007ffd86c20000 - 0x00007ffd86d71000 	C:\Windows\system32\MSCTF.dll
0x00007ffd84530000 - 0x00007ffd847aa000 	C:\Windows\WinSxS\amd64_microsoft.windows.common-controls_6595b64144ccf1df_6.0.9600.17810_none_6240b9c7ecbd0bda\COMCTL32.dll
0x0000000059ed0000 - 0x0000000059fa2000 	C:\Program Files\Java\jdk1.8.0_65\jre\bin\msvcr100.dll
0x000000005a350000 - 0x000000005abd9000 	C:\Program Files\Java\jdk1.8.0_65\jre\bin\server\jvm.dll
0x00007ffd82790000 - 0x00007ffd82799000 	C:\Windows\SYSTEM32\WSOCK32.dll
0x00007ffd7de30000 - 0x00007ffd7de4f000 	C:\Windows\SYSTEM32\WINMM.dll
0x00007ffd7df70000 - 0x00007ffd7df7a000 	C:\Windows\SYSTEM32\VERSION.dll
0x00007ffd86d80000 - 0x00007ffd86d87000 	C:\Windows\system32\PSAPI.DLL
0x00007ffd864d0000 - 0x00007ffd86528000 	C:\Windows\system32\WS2_32.dll
0x00007ffd7de00000 - 0x00007ffd7de2a000 	C:\Windows\SYSTEM32\WINMMBASE.dll
0x00007ffd887a0000 - 0x00007ffd887a9000 	C:\Windows\system32\NSI.dll
0x00007ffd86370000 - 0x00007ffd863ba000 	C:\Windows\SYSTEM32\cfgmgr32.dll
0x00007ffd84e20000 - 0x00007ffd84e46000 	C:\Windows\SYSTEM32\DEVOBJ.dll
0x000000005a340000 - 0x000000005a34f000 	C:\Program Files\Java\jdk1.8.0_65\jre\bin\verify.dll
0x000000005a310000 - 0x000000005a339000 	C:\Program Files\Java\jdk1.8.0_65\jre\bin\java.dll
0x000000005a2f0000 - 0x000000005a306000 	C:\Program Files\Java\jdk1.8.0_65\jre\bin\zip.dll

VM Arguments:
jvm_args: -Djava.awt.headless=true -Xmx1024M -Dfile.encoding=windows-1252 -Duser.country=US -Duser.language=en -Duser.variant 
java_command: com.android.dx.command.Main --dex --force-jumbo --num-threads=4 --multi-dex --output C:\Users\Israt\AndroidStudioProjects\Project\app\build\intermediates\transforms\dex\debug\folders\1000\10\com.android.support-appcompat-v7-23.1.1_28f5881fede549b51bb4a11907fb1f59fac82572 C:\Users\Israt\AndroidStudioProjects\Project\app\build\intermediates\exploded-aar\com.android.support\appcompat-v7\23.1.1\jars\classes.jar
java_class_path (initial): C:\Users\Israt\AppData\Local\Android\sdk\build-tools\23.0.1\lib\dx.jar
Launcher Type: SUN_STANDARD

Environment Variables:
JAVA_HOME=C:\Program Files\Java\jdk1.8.0_65
PATH=C:\ProgramData\Oracle\Java\javapath;C:\oraclexe\app\oracle\product\10.2.0\server\bin;C:\Windows\system32;C:\Windows;C:\Windows\System32\Wbem;C:\Windows\System32\WindowsPowerShell\v1.0\; C:\Program Files (x86)\Java\jre8;C:\Program Files (x86)\Windows Live\Shared;C:\Program Files\Microsoft\Web Platform Installer\;C:\Program Files (x86)\Microsoft ASP.NET\ASP.NET Web Pages\v1.0\;C:\Program Files (x86)\Windows Kits\8.0\Windows Performance Toolkit\;C:\Program Files\Microsoft SQL Server\110\Tools\Binn\;E:\matlab\runtime\win64;E:\matlab\bin;E:\matlab\polyspace\bin;C:\Program Files (x86)\Skype\Phone\C:\Program Files\MySQL\MySQL Server 5.7\bin\bin;C:\Users\Israt\AppData\Local\Programs\MiKTeX 2.9\miktex\bin\
USERNAME=Israt
OS=Windows_NT
PROCESSOR_IDENTIFIER=Intel64 Family 6 Model 60 Stepping 3, GenuineIntel



---------------  S Y S T E M  ---------------

OS: Windows 8.1 , 64 bit Build 9600 (6.3.9600.17031)

CPU:total 4 (2 cores per cpu, 2 threads per core) family 6 model 60 stepping 3, cmov, cx8, fxsr, mmx, sse, sse2, sse3, ssse3, sse4.1, sse4.2, popcnt, avx, avx2, aes, clmul, erms, lzcnt, ht, tsc, tscinvbit, bmi1, bmi2

Memory: 4k page, physical 4072560k(716064k free), swap 7218288k(5308k free)

vm_info: Java HotSpot(TM) 64-Bit Server VM (25.65-b01) for windows-amd64 JRE (1.8.0_65-b17), built on Oct  6 2015 16:39:20 by "java_re" with MS VC++ 10.0 (VS2010)

time: Thu May 19 23:47:37 2016
elapsed time: 2 seconds (0d 0h 0m 2s)

