#
# There is insufficient memory for the Java Runtime Environment to continue.
# Native memory allocation (malloc) failed to allocate 190448 bytes for Chunk::new
# Possible reasons:
#   The system is out of physical RAM or swap space
#   In 32 bit mode, the process size limit was hit
# Possible solutions:
#   Reduce memory load on the system
#   Increase physical memory or swap space
#   Check if swap backing store is full
#   Use 64 bit Java on a 64 bit OS
#   Decrease Java heap size (-Xmx/-Xms)
#   Decrease number of Java threads
#   Decrease Java thread stack sizes (-Xss)
#   Set larger code cache with -XX:ReservedCodeCacheSize=
# This output file may be truncated or incomplete.
#
#  Out of Memory Error (allocation.cpp:390), pid=6928, tid=7932
#
# JRE version: Java(TM) SE Runtime Environment (8.0_65-b17) (build 1.8.0_65-b17)
# Java VM: Java HotSpot(TM) 64-Bit Server VM (25.65-b01 mixed mode windows-amd64 compressed oops)
# Failed to write core dump. Minidumps are not enabled by default on client versions of Windows
#

---------------  T H R E A D  ---------------

Current thread (0x0000000014886000):  JavaThread "C2 CompilerThread1" daemon [_thread_in_native, id=7932, stack(0x0000000015f70000,0x0000000016070000)]

Stack: [0x0000000015f70000,0x0000000016070000]
[error occurred during error reporting (printing stack bounds), id 0xc0000005]

Native frames: (J=compiled Java code, j=interpreted, Vv=VM code, C=native code)


Current CompileTask:
C2:   2311 1192   !   4       com.android.dx.cf.code.RopperMachine::run (1550 bytes)


---------------  P R O C E S S  ---------------

Java Threads: ( => current thread )
  0x00000000163e1000 JavaThread "pool-2-thread-4" [_thread_in_Java, id=9900, stack(0x0000000016b70000,0x0000000016c70000)]
  0x00000000163d8800 JavaThread "pool-2-thread-3" [_thread_in_Java, id=6632, stack(0x0000000016a70000,0x0000000016b70000)]
  0x00000000163d1000 JavaThread "pool-2-thread-2" [_thread_in_Java, id=3716, stack(0x0000000016970000,0x0000000016a70000)]
  0x0000000016298800 JavaThread "pool-3-thread-1" [_thread_blocked, id=9932, stack(0x0000000016870000,0x0000000016970000)]
  0x0000000016295800 JavaThread "pool-2-thread-1" [_thread_in_Java, id=4292, stack(0x0000000016770000,0x0000000016870000)]
  0x0000000016179000 JavaThread "Service Thread" daemon [_thread_blocked, id=7924, stack(0x0000000016570000,0x0000000016670000)]
  0x000000001488c800 JavaThread "C1 CompilerThread2" daemon [_thread_blocked, id=4476, stack(0x0000000016070000,0x0000000016170000)]
=>0x0000000014886000 JavaThread "C2 CompilerThread1" daemon [_thread_in_native, id=7932, stack(0x0000000015f70000,0x0000000016070000)]
  0x000000001482d800 JavaThread "C2 CompilerThread0" daemon [_thread_in_native, id=6452, stack(0x0000000015e70000,0x0000000015f70000)]
  0x000000001482b800 JavaThread "Attach Listener" daemon [_thread_blocked, id=1892, stack(0x0000000015d70000,0x0000000015e70000)]
  0x000000001482b000 JavaThread "Signal Dispatcher" daemon [_thread_blocked, id=9536, stack(0x0000000015c70000,0x0000000015d70000)]
  0x0000000002157800 JavaThread "Finalizer" daemon [_thread_blocked, id=6528, stack(0x0000000015a90000,0x0000000015b90000)]
  0x00000000147f9800 JavaThread "Reference Handler" daemon [_thread_blocked, id=9416, stack(0x0000000015990000,0x0000000015a90000)]
  0x0000000002060800 JavaThread "main" [_thread_in_Java, id=5804, stack(0x0000000001e80000,0x0000000001f80000)]

Other Threads:
  0x00000000147f7000 VMThread [stack: 0x0000000015890000,0x0000000015990000] [id=9960]
  0x000000001617c800 WatcherThread [stack: 0x0000000016670000,0x0000000016770000] [id=9916]

VM state:not at safepoint (normal execution)

VM Mutex/Monitor currently owned by a thread: None

Heap:
 PSYoungGen      total 35328K, used 16165K [0x00000000eab00000, 0x00000000ed000000, 0x0000000100000000)
  eden space 32768K, 41% used [0x00000000eab00000,0x00000000eb84cc40,0x00000000ecb00000)
  from space 2560K, 99% used [0x00000000ecb00000,0x00000000ecd7ca60,0x00000000ecd80000)
  to   space 2560K, 0% used [0x00000000ecd80000,0x00000000ecd80000,0x00000000ed000000)
 ParOldGen       total 44032K, used 22462K [0x00000000c0000000, 0x00000000c2b00000, 0x00000000eab00000)
  object space 44032K, 51% used [0x00000000c0000000,0x00000000c15efb20,0x00000000c2b00000)
 Metaspace       used 5646K, capacity 6896K, committed 7040K, reserved 1056768K
  class space    used 575K, capacity 616K, committed 640K, reserved 1048576K

Card table byte_map: [0x0000000011520000,0x0000000011730000] byte_map_base: 0x0000000010f20000

Marking Bits: (ParMarkBitMap*) 0x000000005ab5a5b0
 Begin Bits: [0x0000000011c90000, 0x0000000012c90000)
 End Bits:   [0x0000000012c90000, 0x0000000013c90000)

Polling page: 0x0000000001f80000

CodeCache: size=245760Kb used=4877Kb max_used=4890Kb free=240882Kb
 bounds [0x0000000002160000, 0x0000000002630000, 0x0000000011160000]
 total_blobs=1445 nmethods=1183 adapters=175
 compilation: enabled

Compilation events (10 events):
Event: 2.246 Thread 0x0000000014886000 nmethod 1208 0x0000000002626790 code [0x0000000002626900, 0x0000000002627058]
Event: 2.246 Thread 0x0000000014886000 1217       4       com.android.dx.ssa.SsaBasicBlock::forEachInsn (37 bytes)
Event: 2.247 Thread 0x000000001488c800 1220       2       com.android.dx.cf.code.BytecodeArray::processWorkSet (50 bytes)
Event: 2.248 Thread 0x000000001488c800 nmethod 1220 0x0000000002626090 code [0x0000000002626220, 0x0000000002626558]
Event: 2.249 Thread 0x0000000014886000 nmethod 1217 0x0000000002607450 code [0x00000000026075c0, 0x00000000026077c8]
Event: 2.249 Thread 0x0000000014886000 1194       4       com.android.dx.cf.code.BaseMachine::storeResults (90 bytes)
Event: 2.249 Thread 0x000000001488c800 1221       2       com.android.dx.cf.code.BasicBlocker::getBlockList (208 bytes)
Event: 2.251 Thread 0x000000001488c800 nmethod 1221 0x00000000026280d0 code [0x00000000026282c0, 0x0000000002628ae8]
Event: 2.264 Thread 0x0000000014886000 nmethod 1194 0x000000000262b5d0 code [0x000000000262b7a0, 0x000000000262c298]
Event: 2.264 Thread 0x0000000014886000 1192   !   4       com.android.dx.cf.code.RopperMachine::run (1550 bytes)

GC Heap History (6 events):
Event: 0.592 GC heap before
{Heap before GC invocations=1 (full 0):
 PSYoungGen      total 18944K, used 16384K [0x00000000eab00000, 0x00000000ec000000, 0x0000000100000000)
  eden space 16384K, 100% used [0x00000000eab00000,0x00000000ebb00000,0x00000000ebb00000)
  from space 2560K, 0% used [0x00000000ebd80000,0x00000000ebd80000,0x00000000ec000000)
  to   space 2560K, 0% used [0x00000000ebb00000,0x00000000ebb00000,0x00000000ebd80000)
 ParOldGen       total 44032K, used 0K [0x00000000c0000000, 0x00000000c2b00000, 0x00000000eab00000)
  object space 44032K, 0% used [0x00000000c0000000,0x00000000c0000000,0x00000000c2b00000)
 Metaspace       used 5489K, capacity 6768K, committed 7040K, reserved 1056768K
  class space    used 572K, capacity 616K, committed 640K, reserved 1048576K
Event: 0.599 GC heap after
Heap after GC invocations=1 (full 0):
 PSYoungGen      total 18944K, used 2556K [0x00000000eab00000, 0x00000000ed000000, 0x0000000100000000)
  eden space 16384K, 0% used [0x00000000eab00000,0x00000000eab00000,0x00000000ebb00000)
  from space 2560K, 99% used [0x00000000ebb00000,0x00000000ebd7f068,0x00000000ebd80000)
  to   space 2560K, 0% used [0x00000000ecd80000,0x00000000ecd80000,0x00000000ed000000)
 ParOldGen       total 44032K, used 2205K [0x00000000c0000000, 0x00000000c2b00000, 0x00000000eab00000)
  object space 44032K, 5% used [0x00000000c0000000,0x00000000c0227450,0x00000000c2b00000)
 Metaspace       used 5489K, capacity 6768K, committed 7040K, reserved 1056768K
  class space    used 572K, capacity 616K, committed 640K, reserved 1048576K
}
Event: 0.949 GC heap before
{Heap before GC invocations=2 (full 0):
 PSYoungGen      total 18944K, used 18900K [0x00000000eab00000, 0x00000000ed000000, 0x0000000100000000)
  eden space 16384K, 99% used [0x00000000eab00000,0x00000000ebaf6270,0x00000000ebb00000)
  from space 2560K, 99% used [0x00000000ebb00000,0x00000000ebd7f068,0x00000000ebd80000)
  to   space 2560K, 0% used [0x00000000ecd80000,0x00000000ecd80000,0x00000000ed000000)
 ParOldGen       total 44032K, used 2205K [0x00000000c0000000, 0x00000000c2b00000, 0x00000000eab00000)
  object space 44032K, 5% used [0x00000000c0000000,0x00000000c0227450,0x00000000c2b00000)
 Metaspace       used 5605K, capacity 6832K, committed 7040K, reserved 1056768K
  class space    used 573K, capacity 616K, committed 640K, reserved 1048576K
Event: 1.006 GC heap after
Heap after GC invocations=2 (full 0):
 PSYoungGen      total 35328K, used 2538K [0x00000000eab00000, 0x00000000ed000000, 0x0000000100000000)
  eden space 32768K, 0% used [0x00000000eab00000,0x00000000eab00000,0x00000000ecb00000)
  from space 2560K, 99% used [0x00000000ecd80000,0x00000000ecffa8c0,0x00000000ed000000)
  to   space 2560K, 0% used [0x00000000ecb00000,0x00000000ecb00000,0x00000000ecd80000)
 ParOldGen       total 44032K, used 7118K [0x00000000c0000000, 0x00000000c2b00000, 0x00000000eab00000)
  object space 44032K, 16% used [0x00000000c0000000,0x00000000c06f38e0,0x00000000c2b00000)
 Metaspace       used 5605K, capacity 6832K, committed 7040K, reserved 1056768K
  class space    used 573K, capacity 616K, committed 640K, reserved 1048576K
}
Event: 1.620 GC heap before
{Heap before GC invocations=3 (full 0):
 PSYoungGen      total 35328K, used 35306K [0x00000000eab00000, 0x00000000ed000000, 0x0000000100000000)
  eden space 32768K, 100% used [0x00000000eab00000,0x00000000ecb00000,0x00000000ecb00000)
  from space 2560K, 99% used [0x00000000ecd80000,0x00000000ecffa8c0,0x00000000ed000000)
  to   space 2560K, 0% used [0x00000000ecb00000,0x00000000ecb00000,0x00000000ecd80000)
 ParOldGen       total 44032K, used 7118K [0x00000000c0000000, 0x00000000c2b00000, 0x00000000eab00000)
  object space 44032K, 16% used [0x00000000c0000000,0x00000000c06f38e0,0x00000000c2b00000)
 Metaspace       used 5630K, capacity 6896K, committed 7040K, reserved 1056768K
  class space    used 575K, capacity 616K, committed 640K, reserved 1048576K
Event: 2.060 GC heap after
Heap after GC invocations=3 (full 0):
 PSYoungGen      total 35328K, used 2546K [0x00000000eab00000, 0x00000000ed000000, 0x0000000100000000)
  eden space 32768K, 0% used [0x00000000eab00000,0x00000000eab00000,0x00000000ecb00000)
  from space 2560K, 99% used [0x00000000ecb00000,0x00000000ecd7ca60,0x00000000ecd80000)
  to   space 2560K, 0% used [0x00000000ecd80000,0x00000000ecd80000,0x00000000ed000000)
 ParOldGen       total 44032K, used 22462K [0x00000000c0000000, 0x00000000c2b00000, 0x00000000eab00000)
  object space 44032K, 51% used [0x00000000c0000000,0x00000000c15efb20,0x00000000c2b00000)
 Metaspace       used 5630K, capacity 6896K, committed 7040K, reserved 1056768K
  class space    used 575K, capacity 616K, committed 640K, reserved 1048576K
}

Deoptimization events (10 events):
Event: 0.652 Thread 0x00000000163e1000 Uncommon trap: reason=class_check action=maybe_recompile pc=0x000000000242dc38 method=com.android.dx.rop.type.Type.equals(Ljava/lang/Object;)Z @ 8
Event: 0.817 Thread 0x00000000163d8800 Uncommon trap: reason=bimorphic action=maybe_recompile pc=0x0000000002522234 method=java.util.HashMap.getNode(ILjava/lang/Object;)Ljava/util/HashMap$Node; @ 126
Event: 0.826 Thread 0x00000000163d8800 Uncommon trap: reason=bimorphic action=maybe_recompile pc=0x0000000002522234 method=java.util.HashMap.getNode(ILjava/lang/Object;)Ljava/util/HashMap$Node; @ 126
Event: 0.833 Thread 0x00000000163d8800 Uncommon trap: reason=bimorphic action=maybe_recompile pc=0x0000000002520404 method=java.util.HashMap.getNode(ILjava/lang/Object;)Ljava/util/HashMap$Node; @ 126
Event: 1.024 Thread 0x00000000163d8800 Uncommon trap: reason=unstable_if action=reinterpret pc=0x000000000251c740 method=com.android.dx.rop.code.RegisterSpecSet.put(Lcom/android/dx/rop/code/RegisterSpec;)V @ 77
Event: 1.041 Thread 0x00000000163d8800 Uncommon trap: reason=unstable_if action=reinterpret pc=0x00000000024bd768 method=com.android.dx.rop.code.RegisterSpec.equals(ILcom/android/dx/rop/type/TypeBearer;Lcom/android/dx/rop/code/LocalItem;)Z @ 16
Event: 1.254 Thread 0x00000000163d8800 Uncommon trap: reason=class_check action=maybe_recompile pc=0x00000000025c648c method=com.android.dx.cf.code.BytecodeArray.parseInstruction(ILcom/android/dx/cf/code/BytecodeArray$Visitor;)I @ 1287
Event: 1.258 Thread 0x00000000163d8800 Uncommon trap: reason=class_check action=maybe_recompile pc=0x00000000025c648c method=com.android.dx.cf.code.BytecodeArray.parseInstruction(ILcom/android/dx/cf/code/BytecodeArray$Visitor;)I @ 1287
Event: 1.266 Thread 0x00000000163d8800 Uncommon trap: reason=class_check action=maybe_recompile pc=0x00000000025c648c method=com.android.dx.cf.code.BytecodeArray.parseInstruction(ILcom/android/dx/cf/code/BytecodeArray$Visitor;)I @ 1287
Event: 1.268 Thread 0x00000000163d8800 Uncommon trap: reason=class_check action=maybe_recompile pc=0x00000000025c648c method=com.android.dx.cf.code.BytecodeArray.parseInstruction(ILcom/android/dx/cf/code/BytecodeArray$Visitor;)I @ 1287

Internal exceptions (2 events):
Event: 0.031 Thread 0x0000000002060800 Exception <a 'java/lang/NoSuchMethodError': Method sun.misc.Unsafe.defineClass(Ljava/lang/String;[BII)Ljava/lang/Class; name or signature does not match> (0x00000000eab0d5d0) thrown at [C:\workspace\8-2-build-windows-amd64-cygwin\jdk8u65\4987\hotspot\src\s‡nìt2“Ÿ?
Event: 0.031 Thread 0x0000000002060800 Exception <a 'java/lang/NoSuchMethodError': Method sun.misc.Unsafe.prefetchRead(Ljava/lang/Object;J)V name or signature does not match> (0x00000000eab0d8b8) thrown at [C:\workspace\8-2-build-windows-amd64-cygwin\jdk8u65\4987\hotspot\src\share\vm\prims\jni.

Events (10 events):
Event: 1.541 Thread 0x0000000016295800 DEOPT PACKING pc=0x0000000002357854 sp=0x000000001686e760
Event: 1.541 Thread 0x0000000016295800 DEOPT UNPACKING pc=0x00000000021a787f sp=0x000000001686e490 mode 0
Event: 1.541 Thread 0x0000000002060800 DEOPT PACKING pc=0x0000000002357854 sp=0x0000000001f7dcc0
Event: 1.541 Thread 0x0000000002060800 DEOPT UNPACKING pc=0x00000000021a787f sp=0x0000000001f7d9f0 mode 0
Event: 1.542 Thread 0x0000000002060800 DEOPT PACKING pc=0x0000000002357854 sp=0x0000000001f7dcc0
Event: 1.542 Thread 0x0000000002060800 DEOPT UNPACKING pc=0x00000000021a787f sp=0x0000000001f7d9f0 mode 0
Event: 1.543 Executing VM operation: ParallelGCFailedAllocation
Event: 2.060 Executing VM operation: ParallelGCFailedAllocation done
Event: 2.159 Thread 0x00000000163d1000 DEOPT PACKING pc=0x00000000025b3a8d sp=0x0000000016a6e9f0
Event: 2.159 Thread 0x00000000163d1000 DEOPT UNPACKING pc=0x00000000021a787f sp=0x0000000016a6e760 mode 0


Dynamic libraries:
0x00007ff7fe050000 - 0x00007ff7fe087000 	C:\Program Files\Java\jdk1.8.0_65\bin\java.exe
0x00007ffd8a0f0000 - 0x00007ffd8a29c000 	C:\Windows\SYSTEM32\ntdll.dll
0x00007ffd86780000 - 0x00007ffd868ba000 	C:\Windows\system32\KERNEL32.DLL
0x00007ffd73040000 - 0x00007ffd73073000 	C:\Program Files (x86)\AVG\Av\avghooka.dll
0x00007ffd863c0000 - 0x00007ffd864d0000 	C:\Windows\system32\KERNELBASE.dll
0x00007ffd844a0000 - 0x00007ffd8452e000 	C:\Windows\system32\apphelp.dll
0x00007ffd75550000 - 0x00007ffd755a3000 	C:\Windows\AppPatch\AppPatch64\AcGenral.DLL
0x00007ffd88d00000 - 0x00007ffd88da7000 	C:\Windows\system32\msvcrt.dll
0x00007ffd85e70000 - 0x00007ffd85e9b000 	C:\Windows\SYSTEM32\SspiCli.dll
0x00007ffd868c0000 - 0x00007ffd86911000 	C:\Windows\system32\SHLWAPI.dll
0x00007ffd86530000 - 0x00007ffd866a1000 	C:\Windows\system32\USER32.dll
0x00007ffd88b40000 - 0x00007ffd88cd4000 	C:\Windows\system32\ole32.dll
0x00007ffd87220000 - 0x00007ffd88738000 	C:\Windows\system32\SHELL32.dll
0x00007ffd85610000 - 0x00007ffd8562f000 	C:\Windows\SYSTEM32\USERENV.dll
0x00007ffd88940000 - 0x00007ffd889e5000 	C:\Windows\system32\ADVAPI32.dll
0x00007ffd7df40000 - 0x00007ffd7df5b000 	C:\Windows\SYSTEM32\MPR.dll
0x00007ffd887b0000 - 0x00007ffd888f1000 	C:\Windows\system32\RPCRT4.dll
0x00007ffd869e0000 - 0x00007ffd86a37000 	C:\Windows\SYSTEM32\sechost.dll
0x00007ffd86e90000 - 0x00007ffd87066000 	C:\Windows\SYSTEM32\combase.dll
0x00007ffd889f0000 - 0x00007ffd88b40000 	C:\Windows\system32\GDI32.dll
0x00007ffd85fc0000 - 0x00007ffd85fd4000 	C:\Windows\SYSTEM32\profapi.dll
0x00007ffd84980000 - 0x00007ffd84a1f000 	C:\Windows\SYSTEM32\SHCORE.dll
0x00007ffd88900000 - 0x00007ffd88934000 	C:\Windows\system32\IMM32.DLL
0x00007ffd86c20000 - 0x00007ffd86d71000 	C:\Windows\system32\MSCTF.dll
0x00007ffd84530000 - 0x00007ffd847aa000 	C:\Windows\WinSxS\amd64_microsoft.windows.common-controls_6595b64144ccf1df_6.0.9600.17810_none_6240b9c7ecbd0bda\COMCTL32.dll
0x0000000059ed0000 - 0x0000000059fa2000 	C:\Program Files\Java\jdk1.8.0_65\jre\bin\msvcr100.dll
0x000000005a350000 - 0x000000005abd9000 	C:\Program Files\Java\jdk1.8.0_65\jre\bin\server\jvm.dll
0x00007ffd82790000 - 0x00007ffd82799000 	C:\Windows\SYSTEM32\WSOCK32.dll
0x00007ffd7de30000 - 0x00007ffd7de4f000 	C:\Windows\SYSTEM32\WINMM.dll
0x00007ffd7df70000 - 0x00007ffd7df7a000 	C:\Windows\SYSTEM32\VERSION.dll
0x00007ffd86d80000 - 0x00007ffd86d87000 	C:\Windows\system32\PSAPI.DLL
0x00007ffd864d0000 - 0x00007ffd86528000 	C:\Windows\system32\WS2_32.dll
0x00007ffd7de00000 - 0x00007ffd7de2a000 	C:\Windows\SYSTEM32\WINMMBASE.dll
0x00007ffd887a0000 - 0x00007ffd887a9000 	C:\Windows\system32\NSI.dll
0x00007ffd86370000 - 0x00007ffd863ba000 	C:\Windows\SYSTEM32\cfgmgr32.dll
0x00007ffd84e20000 - 0x00007ffd84e46000 	C:\Windows\SYSTEM32\DEVOBJ.dll
0x000000005a340000 - 0x000000005a34f000 	C:\Program Files\Java\jdk1.8.0_65\jre\bin\verify.dll
0x000000005a310000 - 0x000000005a339000 	C:\Program Files\Java\jdk1.8.0_65\jre\bin\java.dll
0x000000005a2f0000 - 0x000000005a306000 	C:\Program Files\Java\jdk1.8.0_65\jre\bin\zip.dll

VM Arguments:
jvm_args: -Djava.awt.headless=true -Xmx1024M -Dfile.encoding=windows-1252 -Duser.country=US -Duser.language=en -Duser.variant 
java_command: com.android.dx.command.Main --dex --force-jumbo --num-threads=4 --multi-dex --output C:\Users\Israt\AndroidStudioProjects\Project\app\build\intermediates\transforms\dex\debug\folders\1000\5\slice_1 C:\Users\Israt\AndroidStudioProjects\Project\app\build\intermediates\transforms\instantRunSlicer\debug\folders\1\5\slice_1
java_class_path (initial): C:\Users\Israt\AppData\Local\Android\sdk\build-tools\23.0.1\lib\dx.jar
Launcher Type: SUN_STANDARD

Environment Variables:
JAVA_HOME=C:\Program Files\Java\jdk1.8.0_65
PATH=C:\ProgramData\Oracle\Java\javapath;C:\oraclexe\app\oracle\product\10.2.0\server\bin;C:\Windows\system32;C:\Windows;C:\Windows\System32\Wbem;C:\Windows\System32\WindowsPowerShell\v1.0\; C:\Program Files (x86)\Java\jre8;C:\Program Files (x86)\Windows Live\Shared;C:\Program Files\Microsoft\Web Platform Installer\;C:\Program Files (x86)\Microsoft ASP.NET\ASP.NET Web Pages\v1.0\;C:\Program Files (x86)\Windows Kits\8.0\Windows Performance Toolkit\;C:\Program Files\Microsoft SQL Server\110\Tools\Binn\;E:\matlab\runtime\win64;E:\matlab\bin;E:\matlab\polyspace\bin;C:\Program Files (x86)\Skype\Phone\C:\Program Files\MySQL\MySQL Server 5.7\bin\bin;C:\Users\Israt\AppData\Local\Programs\MiKTeX 2.9\miktex\bin\
USERNAME=Israt
OS=Windows_NT
PROCESSOR_IDENTIFIER=Intel64 Family 6 Model 60 Stepping 3, GenuineIntel



---------------  S Y S T E M  ---------------

OS: Windows 8.1 , 64 bit Build 9600 (6.3.9600.17031)

CPU:total 4 (2 cores per cpu, 2 threads per core) family 6 model 60 stepping 3, cmov, cx8, fxsr, mmx, sse, sse2, sse3, ssse3, sse4.1, sse4.2, popcnt, avx, avx2, aes, clmul, erms, lzcnt, ht, tsc, tscinvbit, bmi1, bmi2

Memory: 4k page, physical 4072560k(712704k free), swap 7218288k(5152k free)

vm_info: Java HotSpot(TM) 64-Bit Server VM (25.65-b01) for windows-amd64 JRE (1.8.0_65-b17), built on Oct  6 2015 16:39:20 by "java_re" with MS VC++ 10.0 (VS2010)

time: Thu May 19 23:47:31 2016
elapsed time: 2 seconds (0d 0h 0m 2s)

