#
# There is insufficient memory for the Java Runtime Environment to continue.
# Native memory allocation (malloc) failed to allocate 32744 bytes for ChunkPool::allocate
# Possible reasons:
#   The system is out of physical RAM or swap space
#   In 32 bit mode, the process size limit was hit
# Possible solutions:
#   Reduce memory load on the system
#   Increase physical memory or swap space
#   Check if swap backing store is full
#   Use 64 bit Java on a 64 bit OS
#   Decrease Java heap size (-Xmx/-Xms)
#   Decrease number of Java threads
#   Decrease Java thread stack sizes (-Xss)
#   Set larger code cache with -XX:ReservedCodeCacheSize=
# This output file may be truncated or incomplete.
#
#  Out of Memory Error (allocation.cpp:273), pid=8376, tid=2384
#
# JRE version: Java(TM) SE Runtime Environment (8.0_65-b17) (build 1.8.0_65-b17)
# Java VM: Java HotSpot(TM) 64-Bit Server VM (25.65-b01 mixed mode windows-amd64 compressed oops)
# Failed to write core dump. Minidumps are not enabled by default on client versions of Windows
#

---------------  T H R E A D  ---------------

Current thread (0x0000000014a8c800):  JavaThread "C1 CompilerThread2" daemon [_thread_in_native, id=2384, stack(0x0000000016280000,0x0000000016380000)]

Stack: [0x0000000016280000,0x0000000016380000]
[error occurred during error reporting (printing stack bounds), id 0xc0000005]

Native frames: (J=compiled Java code, j=interpreted, Vv=VM code, C=native code)


Current CompileTask:
C1:   2787 1363       3       com.android.dx.ssa.ConstCollector::getConstsSortedByCountUse (386 bytes)


---------------  P R O C E S S  ---------------

Java Threads: ( => current thread )
  0x00000000165e7800 JavaThread "pool-2-thread-4" [_thread_blocked, id=9392, stack(0x0000000016d80000,0x0000000016e80000)]
  0x00000000165e6000 JavaThread "pool-2-thread-3" [_thread_blocked, id=9404, stack(0x0000000016c80000,0x0000000016d80000)]
  0x00000000165e5000 JavaThread "pool-2-thread-2" [_thread_blocked, id=9904, stack(0x0000000016b80000,0x0000000016c80000)]
  0x00000000165dd000 JavaThread "pool-3-thread-1" [_thread_blocked, id=10228, stack(0x0000000016a80000,0x0000000016b80000)]
  0x00000000165da800 JavaThread "pool-2-thread-1" [_thread_blocked, id=8404, stack(0x0000000016980000,0x0000000016a80000)]
  0x0000000016385800 JavaThread "Service Thread" daemon [_thread_blocked, id=4552, stack(0x0000000016780000,0x0000000016880000)]
=>0x0000000014a8c800 JavaThread "C1 CompilerThread2" daemon [_thread_in_native, id=2384, stack(0x0000000016280000,0x0000000016380000)]
  0x0000000014a86000 JavaThread "C2 CompilerThread1" daemon [_thread_in_native, id=3392, stack(0x0000000016180000,0x0000000016280000)]
  0x0000000014a2d000 JavaThread "C2 CompilerThread0" daemon [_thread_in_native, id=10040, stack(0x0000000016080000,0x0000000016180000)]
  0x0000000014a2b000 JavaThread "Attach Listener" daemon [_thread_blocked, id=5176, stack(0x0000000015f80000,0x0000000016080000)]
  0x0000000014a2a000 JavaThread "Signal Dispatcher" daemon [_thread_blocked, id=4992, stack(0x0000000015e80000,0x0000000015f80000)]
  0x0000000002356000 JavaThread "Finalizer" daemon [_thread_blocked, id=9248, stack(0x0000000015ca0000,0x0000000015da0000)]
  0x000000000234d000 JavaThread "Reference Handler" daemon [_thread_blocked, id=8288, stack(0x0000000015ba0000,0x0000000015ca0000)]
  0x0000000002260800 JavaThread "main" [_thread_in_Java, id=9384, stack(0x0000000002100000,0x0000000002200000)]

Other Threads:
  0x00000000149f7800 VMThread [stack: 0x0000000015aa0000,0x0000000015ba0000] [id=9580]
  0x000000001638a000 WatcherThread [stack: 0x0000000016880000,0x0000000016980000] [id=6568]

VM state:not at safepoint (normal execution)

VM Mutex/Monitor currently owned by a thread: None

Heap:
 PSYoungGen      total 35328K, used 9657K [0x00000000eab00000, 0x00000000ed000000, 0x0000000100000000)
  eden space 32768K, 21% used [0x00000000eab00000,0x00000000eb1f09f0,0x00000000ecb00000)
  from space 2560K, 99% used [0x00000000ecd80000,0x00000000ecffdc88,0x00000000ed000000)
  to   space 2560K, 0% used [0x00000000ecb00000,0x00000000ecb00000,0x00000000ecd80000)
 ParOldGen       total 44032K, used 4030K [0x00000000c0000000, 0x00000000c2b00000, 0x00000000eab00000)
  object space 44032K, 9% used [0x00000000c0000000,0x00000000c03ef9f8,0x00000000c2b00000)
 Metaspace       used 5970K, capacity 6960K, committed 7040K, reserved 1056768K
  class space    used 593K, capacity 616K, committed 640K, reserved 1048576K

Card table byte_map: [0x0000000011720000,0x0000000011930000] byte_map_base: 0x0000000011120000

Marking Bits: (ParMarkBitMap*) 0x000000005ab5a5b0
 Begin Bits: [0x0000000011e90000, 0x0000000012e90000)
 End Bits:   [0x0000000012e90000, 0x0000000013e90000)

Polling page: 0x00000000020d0000

CodeCache: size=245760Kb used=5427Kb max_used=5427Kb free=240332Kb
 bounds [0x0000000002360000, 0x00000000028c0000, 0x0000000011360000]
 total_blobs=1624 nmethods=1355 adapters=182
 compilation: enabled

Compilation events (10 events):
Event: 2.765 Thread 0x0000000014a2d000 nmethod 1350 0x000000000289bd90 code [0x000000000289bee0, 0x000000000289c098]
Event: 2.765 Thread 0x0000000014a2d000 1317   !   4       com.android.dx.cf.code.BytecodeArray::parseInstruction (2764 bytes)
Event: 2.767 Thread 0x0000000014a8c800 nmethod 1359 0x00000000028ab2d0 code [0x00000000028ab6c0, 0x00000000028adb78]
Event: 2.767 Thread 0x0000000014a8c800 1360       3       com.android.dx.ssa.back.SsaToRop$PhiVisitor::visitPhiInsn (67 bytes)
Event: 2.768 Thread 0x0000000014a8c800 nmethod 1360 0x00000000028af390 code [0x00000000028af600, 0x00000000028b0608]
Event: 2.770 Thread 0x0000000014a8c800 1361       3       com.android.dx.ssa.SCCP::simulateStmt (481 bytes)
Event: 2.772 Thread 0x0000000014a8c800 nmethod 1361 0x00000000028b1210 code [0x00000000028b1540, 0x00000000028b34d8]
Event: 2.778 Thread 0x0000000014a8c800 1362       3       java.lang.Integer::valueOf (32 bytes)
Event: 2.779 Thread 0x0000000014a8c800 nmethod 1362 0x00000000028aac50 code [0x00000000028aadc0, 0x00000000028ab110]
Event: 2.779 Thread 0x0000000014a8c800 1363       3       com.android.dx.ssa.ConstCollector::getConstsSortedByCountUse (386 bytes)

GC Heap History (4 events):
Event: 1.571 GC heap before
{Heap before GC invocations=1 (full 0):
 PSYoungGen      total 18944K, used 16384K [0x00000000eab00000, 0x00000000ec000000, 0x0000000100000000)
  eden space 16384K, 100% used [0x00000000eab00000,0x00000000ebb00000,0x00000000ebb00000)
  from space 2560K, 0% used [0x00000000ebd80000,0x00000000ebd80000,0x00000000ec000000)
  to   space 2560K, 0% used [0x00000000ebb00000,0x00000000ebb00000,0x00000000ebd80000)
 ParOldGen       total 44032K, used 0K [0x00000000c0000000, 0x00000000c2b00000, 0x00000000eab00000)
  object space 44032K, 0% used [0x00000000c0000000,0x00000000c0000000,0x00000000c2b00000)
 Metaspace       used 5678K, capacity 6768K, committed 7040K, reserved 1056768K
  class space    used 586K, capacity 616K, committed 640K, reserved 1048576K
Event: 1.595 GC heap after
Heap after GC invocations=1 (full 0):
 PSYoungGen      total 18944K, used 2538K [0x00000000eab00000, 0x00000000ed000000, 0x0000000100000000)
  eden space 16384K, 0% used [0x00000000eab00000,0x00000000eab00000,0x00000000ebb00000)
  from space 2560K, 99% used [0x00000000ebb00000,0x00000000ebd7aac8,0x00000000ebd80000)
  to   space 2560K, 0% used [0x00000000ecd80000,0x00000000ecd80000,0x00000000ed000000)
 ParOldGen       total 44032K, used 1932K [0x00000000c0000000, 0x00000000c2b00000, 0x00000000eab00000)
  object space 44032K, 4% used [0x00000000c0000000,0x00000000c01e3098,0x00000000c2b00000)
 Metaspace       used 5678K, capacity 6768K, committed 7040K, reserved 1056768K
  class space    used 586K, capacity 616K, committed 640K, reserved 1048576K
}
Event: 2.643 GC heap before
{Heap before GC invocations=2 (full 0):
 PSYoungGen      total 18944K, used 18922K [0x00000000eab00000, 0x00000000ed000000, 0x0000000100000000)
  eden space 16384K, 100% used [0x00000000eab00000,0x00000000ebb00000,0x00000000ebb00000)
  from space 2560K, 99% used [0x00000000ebb00000,0x00000000ebd7aac8,0x00000000ebd80000)
  to   space 2560K, 0% used [0x00000000ecd80000,0x00000000ecd80000,0x00000000ed000000)
 ParOldGen       total 44032K, used 1932K [0x00000000c0000000, 0x00000000c2b00000, 0x00000000eab00000)
  object space 44032K, 4% used [0x00000000c0000000,0x00000000c01e3098,0x00000000c2b00000)
 Metaspace       used 5932K, capacity 6960K, committed 7040K, reserved 1056768K
  class space    used 593K, capacity 616K, committed 640K, reserved 1048576K
Event: 2.672 GC heap after
Heap after GC invocations=2 (full 0):
 PSYoungGen      total 35328K, used 2551K [0x00000000eab00000, 0x00000000ed000000, 0x0000000100000000)
  eden space 32768K, 0% used [0x00000000eab00000,0x00000000eab00000,0x00000000ecb00000)
  from space 2560K, 99% used [0x00000000ecd80000,0x00000000ecffdc88,0x00000000ed000000)
  to   space 2560K, 0% used [0x00000000ecb00000,0x00000000ecb00000,0x00000000ecd80000)
 ParOldGen       total 44032K, used 4030K [0x00000000c0000000, 0x00000000c2b00000, 0x00000000eab00000)
  object space 44032K, 9% used [0x00000000c0000000,0x00000000c03ef9f8,0x00000000c2b00000)
 Metaspace       used 5932K, capacity 6960K, committed 7040K, reserved 1056768K
  class space    used 593K, capacity 616K, committed 640K, reserved 1048576K
}

Deoptimization events (10 events):
Event: 1.604 Thread 0x00000000165da800 Uncommon trap: reason=class_check action=maybe_recompile pc=0x0000000002694578 method=com.android.dx.rop.type.Type.equals(Ljava/lang/Object;)Z @ 8
Event: 1.604 Thread 0x00000000165da800 Uncommon trap: reason=class_check action=maybe_recompile pc=0x0000000002694578 method=com.android.dx.rop.type.Type.equals(Ljava/lang/Object;)Z @ 8
Event: 1.604 Thread 0x00000000165da800 Uncommon trap: reason=class_check action=maybe_recompile pc=0x0000000002694578 method=com.android.dx.rop.type.Type.equals(Ljava/lang/Object;)Z @ 8
Event: 1.606 Thread 0x00000000165da800 Uncommon trap: reason=class_check action=maybe_recompile pc=0x00000000026b75ec method=com.android.dx.rop.type.Type.equals(Ljava/lang/Object;)Z @ 8
Event: 1.766 Thread 0x00000000165e7800 Uncommon trap: reason=unstable_if action=reinterpret pc=0x00000000025c71f4 method=java.util.BitSet.ensureCapacity(I)V @ 6
Event: 1.817 Thread 0x00000000165da800 Uncommon trap: reason=unstable_if action=reinterpret pc=0x000000000268049c method=com.android.dx.rop.cst.Constant.compareTo(Lcom/android/dx/rop/cst/Constant;)I @ 12
Event: 2.710 Thread 0x00000000165e7800 Uncommon trap: reason=unstable_if action=reinterpret pc=0x00000000027759bc method=com.android.dx.util.IntList.binarysearch(I)I @ 105
Event: 2.763 Thread 0x0000000002260800 Uncommon trap: reason=unstable_if action=reinterpret pc=0x000000000289ee54 method=com.android.dx.ssa.SCCP.simulateStmt(Lcom/android/dx/ssa/SsaInsn;)V @ 435
Event: 2.779 Thread 0x0000000002260800 Uncommon trap: reason=bimorphic action=maybe_recompile pc=0x000000000270122c method=java.util.HashMap.getNode(ILjava/lang/Object;)Ljava/util/HashMap$Node; @ 126
Event: 2.779 Thread 0x0000000002260800 Uncommon trap: reason=class_check action=maybe_recompile pc=0x0000000002807bf0 method=java.util.HashMap.putVal(ILjava/lang/Object;Ljava/lang/Object;ZZ)Ljava/lang/Object; @ 203

Internal exceptions (3 events):
Event: 0.041 Thread 0x0000000002260800 Exception <a 'java/lang/NoSuchMethodError': Method sun.misc.Unsafe.defineClass(Ljava/lang/String;[BII)Ljava/lang/Class; name or signature does not match> (0x00000000eab0d3c0) thrown at [C:\workspace\8-2-build-windows-amd64-cygwin\jdk8u65\4987\hotspot\src\s±›UÌþ¥?
Event: 0.041 Thread 0x0000000002260800 Exception <a 'java/lang/NoSuchMethodError': Method sun.misc.Unsafe.prefetchRead(Ljava/lang/Object;J)V name or signature does not match> (0x00000000eab0d6a8) thrown at [C:\workspace\8-2-build-windows-amd64-cygwin\jdk8u65\4987\hotspot\src\share\vm\prims\jni.¸¤[;ø?
Event: 1.514 Thread 0x00000000165e7800 Implicit null exception at 0x0000000002658aca to 0x000000000265a4b1

Events (10 events):
Event: 2.710 Thread 0x00000000165e7800 DEOPT UNPACKING pc=0x00000000023a582a sp=0x0000000016e7e778 mode 2
Event: 2.763 Thread 0x0000000002260800 Uncommon trap: trap_request=0xffffff65 fr.pc=0x000000000289ee54
Event: 2.763 Thread 0x0000000002260800 DEOPT PACKING pc=0x000000000289ee54 sp=0x00000000021fe4d0
Event: 2.763 Thread 0x0000000002260800 DEOPT UNPACKING pc=0x00000000023a582a sp=0x00000000021fe4c8 mode 2
Event: 2.779 Thread 0x0000000002260800 Uncommon trap: trap_request=0xffffffc6 fr.pc=0x000000000270122c
Event: 2.779 Thread 0x0000000002260800 DEOPT PACKING pc=0x000000000270122c sp=0x00000000021fe4f0
Event: 2.779 Thread 0x0000000002260800 DEOPT UNPACKING pc=0x00000000023a582a sp=0x00000000021fe470 mode 2
Event: 2.779 Thread 0x0000000002260800 Uncommon trap: trap_request=0xffffffde fr.pc=0x0000000002807bf0
Event: 2.779 Thread 0x0000000002260800 DEOPT PACKING pc=0x0000000002807bf0 sp=0x00000000021fe500
Event: 2.779 Thread 0x0000000002260800 DEOPT UNPACKING pc=0x00000000023a582a sp=0x00000000021fe438 mode 2


Dynamic libraries:
0x00007ff7fe050000 - 0x00007ff7fe087000 	C:\Program Files\Java\jdk1.8.0_65\bin\java.exe
0x00007ffd8a0f0000 - 0x00007ffd8a29c000 	C:\Windows\SYSTEM32\ntdll.dll
0x00007ffd86780000 - 0x00007ffd868ba000 	C:\Windows\system32\KERNEL32.DLL
0x00007ffd73040000 - 0x00007ffd73073000 	C:\Program Files (x86)\AVG\Av\avghooka.dll
0x00007ffd863c0000 - 0x00007ffd864d0000 	C:\Windows\system32\KERNELBASE.dll
0x00007ffd844a0000 - 0x00007ffd8452e000 	C:\Windows\system32\apphelp.dll
0x00007ffd75550000 - 0x00007ffd755a3000 	C:\Windows\AppPatch\AppPatch64\AcGenral.DLL
0x00007ffd88d00000 - 0x00007ffd88da7000 	C:\Windows\system32\msvcrt.dll
0x00007ffd85e70000 - 0x00007ffd85e9b000 	C:\Windows\SYSTEM32\SspiCli.dll
0x00007ffd868c0000 - 0x00007ffd86911000 	C:\Windows\system32\SHLWAPI.dll
0x00007ffd86530000 - 0x00007ffd866a1000 	C:\Windows\system32\USER32.dll
0x00007ffd88b40000 - 0x00007ffd88cd4000 	C:\Windows\system32\ole32.dll
0x00007ffd87220000 - 0x00007ffd88738000 	C:\Windows\system32\SHELL32.dll
0x00007ffd85610000 - 0x00007ffd8562f000 	C:\Windows\SYSTEM32\USERENV.dll
0x00007ffd88940000 - 0x00007ffd889e5000 	C:\Windows\system32\ADVAPI32.dll
0x00007ffd7df40000 - 0x00007ffd7df5b000 	C:\Windows\SYSTEM32\MPR.dll
0x00007ffd887b0000 - 0x00007ffd888f1000 	C:\Windows\system32\RPCRT4.dll
0x00007ffd869e0000 - 0x00007ffd86a37000 	C:\Windows\SYSTEM32\sechost.dll
0x00007ffd86e90000 - 0x00007ffd87066000 	C:\Windows\SYSTEM32\combase.dll
0x00007ffd889f0000 - 0x00007ffd88b40000 	C:\Windows\system32\GDI32.dll
0x00007ffd85fc0000 - 0x00007ffd85fd4000 	C:\Windows\SYSTEM32\profapi.dll
0x00007ffd84980000 - 0x00007ffd84a1f000 	C:\Windows\SYSTEM32\SHCORE.dll
0x00007ffd88900000 - 0x00007ffd88934000 	C:\Windows\system32\IMM32.DLL
0x00007ffd86c20000 - 0x00007ffd86d71000 	C:\Windows\system32\MSCTF.dll
0x00007ffd84530000 - 0x00007ffd847aa000 	C:\Windows\WinSxS\amd64_microsoft.windows.common-controls_6595b64144ccf1df_6.0.9600.17810_none_6240b9c7ecbd0bda\COMCTL32.dll
0x0000000059ed0000 - 0x0000000059fa2000 	C:\Program Files\Java\jdk1.8.0_65\jre\bin\msvcr100.dll
0x000000005a350000 - 0x000000005abd9000 	C:\Program Files\Java\jdk1.8.0_65\jre\bin\server\jvm.dll
0x00007ffd82790000 - 0x00007ffd82799000 	C:\Windows\SYSTEM32\WSOCK32.dll
0x00007ffd7de30000 - 0x00007ffd7de4f000 	C:\Windows\SYSTEM32\WINMM.dll
0x00007ffd7df70000 - 0x00007ffd7df7a000 	C:\Windows\SYSTEM32\VERSION.dll
0x00007ffd86d80000 - 0x00007ffd86d87000 	C:\Windows\system32\PSAPI.DLL
0x00007ffd864d0000 - 0x00007ffd86528000 	C:\Windows\system32\WS2_32.dll
0x00007ffd7de00000 - 0x00007ffd7de2a000 	C:\Windows\SYSTEM32\WINMMBASE.dll
0x00007ffd887a0000 - 0x00007ffd887a9000 	C:\Windows\system32\NSI.dll
0x00007ffd86370000 - 0x00007ffd863ba000 	C:\Windows\SYSTEM32\cfgmgr32.dll
0x00007ffd84e20000 - 0x00007ffd84e46000 	C:\Windows\SYSTEM32\DEVOBJ.dll
0x000000005a340000 - 0x000000005a34f000 	C:\Program Files\Java\jdk1.8.0_65\jre\bin\verify.dll
0x000000005a310000 - 0x000000005a339000 	C:\Program Files\Java\jdk1.8.0_65\jre\bin\java.dll
0x000000005a2f0000 - 0x000000005a306000 	C:\Program Files\Java\jdk1.8.0_65\jre\bin\zip.dll

VM Arguments:
jvm_args: -Djava.awt.headless=true -Xmx1024M -Dfile.encoding=windows-1252 -Duser.country=US -Duser.language=en -Duser.variant 
java_command: com.android.dx.command.Main --dex --force-jumbo --num-threads=4 --multi-dex --output C:\Users\Israt\AndroidStudioProjects\Project\app\build\intermediates\transforms\dex\debug\folders\1000\10\com.android.support-support-v4-23.1.1_d869f1ed7ba6fb7ca8d0b6eaacc9da7f9999d974 C:\Users\Israt\AndroidStudioProjects\Project\app\build\intermediates\exploded-aar\com.android.support\support-v4\23.1.1\jars\classes.jar
java_class_path (initial): C:\Users\Israt\AppData\Local\Android\sdk\build-tools\23.0.1\lib\dx.jar
Launcher Type: SUN_STANDARD

Environment Variables:
JAVA_HOME=C:\Program Files\Java\jdk1.8.0_65
PATH=C:\ProgramData\Oracle\Java\javapath;C:\oraclexe\app\oracle\product\10.2.0\server\bin;C:\Windows\system32;C:\Windows;C:\Windows\System32\Wbem;C:\Windows\System32\WindowsPowerShell\v1.0\; C:\Program Files (x86)\Java\jre8;C:\Program Files (x86)\Windows Live\Shared;C:\Program Files\Microsoft\Web Platform Installer\;C:\Program Files (x86)\Microsoft ASP.NET\ASP.NET Web Pages\v1.0\;C:\Program Files (x86)\Windows Kits\8.0\Windows Performance Toolkit\;C:\Program Files\Microsoft SQL Server\110\Tools\Binn\;E:\matlab\runtime\win64;E:\matlab\bin;E:\matlab\polyspace\bin;C:\Program Files (x86)\Skype\Phone\C:\Program Files\MySQL\MySQL Server 5.7\bin\bin;C:\Users\Israt\AppData\Local\Programs\MiKTeX 2.9\miktex\bin\
USERNAME=Israt
OS=Windows_NT
PROCESSOR_IDENTIFIER=Intel64 Family 6 Model 60 Stepping 3, GenuineIntel



---------------  S Y S T E M  ---------------

OS: Windows 8.1 , 64 bit Build 9600 (6.3.9600.17031)

CPU:total 4 (2 cores per cpu, 2 threads per core) family 6 model 60 stepping 3, cmov, cx8, fxsr, mmx, sse, sse2, sse3, ssse3, sse4.1, sse4.2, popcnt, avx, avx2, aes, clmul, erms, lzcnt, ht, tsc, tscinvbit, bmi1, bmi2

Memory: 4k page, physical 4072560k(695992k free), swap 7218288k(5148k free)

vm_info: Java HotSpot(TM) 64-Bit Server VM (25.65-b01) for windows-amd64 JRE (1.8.0_65-b17), built on Oct  6 2015 16:39:20 by "java_re" with MS VC++ 10.0 (VS2010)

time: Thu May 19 23:47:32 2016
elapsed time: 2 seconds (0d 0h 0m 2s)

