#
# There is insufficient memory for the Java Runtime Environment to continue.
# Native memory allocation (malloc) failed to allocate 65552 bytes for Chunk::new
# Possible reasons:
#   The system is out of physical RAM or swap space
#   In 32 bit mode, the process size limit was hit
# Possible solutions:
#   Reduce memory load on the system
#   Increase physical memory or swap space
#   Check if swap backing store is full
#   Use 64 bit Java on a 64 bit OS
#   Decrease Java heap size (-Xmx/-Xms)
#   Decrease number of Java threads
#   Decrease Java thread stack sizes (-Xss)
#   Set larger code cache with -XX:ReservedCodeCacheSize=
# This output file may be truncated or incomplete.
#
#  Out of Memory Error (allocation.cpp:390), pid=7248, tid=6312
#
# JRE version: Java(TM) SE Runtime Environment (8.0_65-b17) (build 1.8.0_65-b17)
# Java VM: Java HotSpot(TM) 64-Bit Server VM (25.65-b01 mixed mode windows-amd64 compressed oops)
# Failed to write core dump. Minidumps are not enabled by default on client versions of Windows
#

---------------  T H R E A D  ---------------

Current thread (0x00000000149a6000):  JavaThread "C2 CompilerThread1" daemon [_thread_in_native, id=6312, stack(0x0000000016090000,0x0000000016190000)]

Stack: [0x0000000016090000,0x0000000016190000]
[error occurred during error reporting (printing stack bounds), id 0xc0000005]

Native frames: (J=compiled Java code, j=interpreted, Vv=VM code, C=native code)


Current CompileTask:
C2:  15633 2689       4       com.android.dx.dex.file.DebugInfoEncoder::emitHeader (530 bytes)


---------------  P R O C E S S  ---------------

Java Threads: ( => current thread )
  0x00000000164f9000 JavaThread "pool-1-thread-1" [_thread_in_vm, id=4552, stack(0x0000000016890000,0x0000000016990000)]
  0x0000000016295800 JavaThread "Service Thread" daemon [_thread_blocked, id=3236, stack(0x0000000016690000,0x0000000016790000)]
  0x00000000149ac000 JavaThread "C1 CompilerThread2" daemon [_thread_blocked, id=5804, stack(0x0000000016190000,0x0000000016290000)]
=>0x00000000149a6000 JavaThread "C2 CompilerThread1" daemon [_thread_in_native, id=6312, stack(0x0000000016090000,0x0000000016190000)]
  0x000000001494c800 JavaThread "C2 CompilerThread0" daemon [_thread_in_native, id=2212, stack(0x0000000015f90000,0x0000000016090000)]
  0x000000001494a800 JavaThread "Attach Listener" daemon [_thread_blocked, id=2552, stack(0x0000000015e90000,0x0000000015f90000)]
  0x0000000014949800 JavaThread "Signal Dispatcher" daemon [_thread_blocked, id=2784, stack(0x0000000015d90000,0x0000000015e90000)]
  0x0000000002276800 JavaThread "Finalizer" daemon [_thread_blocked, id=4752, stack(0x0000000015bb0000,0x0000000015cb0000)]
  0x000000000226e800 JavaThread "Reference Handler" daemon [_thread_blocked, id=8016, stack(0x0000000015ab0000,0x0000000015bb0000)]
  0x0000000002180800 JavaThread "main" [_thread_blocked, id=1116, stack(0x0000000002080000,0x0000000002180000)]

Other Threads:
  0x0000000014916800 VMThread [stack: 0x00000000159b0000,0x0000000015ab0000] [id=5600]
  0x00000000162ba000 WatcherThread [stack: 0x0000000016790000,0x0000000016890000] [id=5160]

VM state:not at safepoint (normal execution)

VM Mutex/Monitor currently owned by a thread: None

Heap:
 PSYoungGen      total 233984K, used 57980K [0x00000000eab00000, 0x00000000fda00000, 0x0000000100000000)
  eden space 207872K, 15% used [0x00000000eab00000,0x00000000eca20af0,0x00000000f7600000)
  from space 26112K, 99% used [0x00000000fc080000,0x00000000fd9fe598,0x00000000fda00000)
  to   space 31744K, 0% used [0x00000000f9c00000,0x00000000f9c00000,0x00000000fbb00000)
 ParOldGen       total 80896K, used 45711K [0x00000000c0000000, 0x00000000c4f00000, 0x00000000eab00000)
  object space 80896K, 56% used [0x00000000c0000000,0x00000000c2ca3d28,0x00000000c4f00000)
 Metaspace       used 6844K, capacity 7608K, committed 7936K, reserved 1056768K
  class space    used 636K, capacity 688K, committed 768K, reserved 1048576K

Card table byte_map: [0x0000000011640000,0x0000000011850000] byte_map_base: 0x0000000011040000

Marking Bits: (ParMarkBitMap*) 0x000000005ab5a5b0
 Begin Bits: [0x0000000011db0000, 0x0000000012db0000)
 End Bits:   [0x0000000012db0000, 0x0000000013db0000)

Polling page: 0x00000000006f0000

CodeCache: size=245760Kb used=10763Kb max_used=10763Kb free=234996Kb
 bounds [0x0000000002280000, 0x0000000002d10000, 0x0000000011280000]
 total_blobs=2946 nmethods=2675 adapters=183
 compilation: enabled

Compilation events (10 events):
Event: 15.533 Thread 0x00000000149a6000 nmethod 2690 0x0000000002d04c50 code [0x0000000002d04da0, 0x0000000002d04ef8]
Event: 15.533 Thread 0x00000000149a6000 2689       4       com.android.dx.dex.file.DebugInfoEncoder::emitHeader (530 bytes)
Event: 15.533 Thread 0x00000000149ac000 2693       2       com.android.dx.util.ByteArrayAnnotatedOutput::toByteArray (23 bytes)
Event: 15.533 Thread 0x00000000149ac000 nmethod 2693 0x0000000002d04790 code [0x0000000002d04900, 0x0000000002d04b88]
Event: 15.534 Thread 0x00000000149ac000 2695       3       com.android.dx.rop.cst.CstArray$List::get (9 bytes)
Event: 15.534 Thread 0x00000000149ac000 nmethod 2695 0x0000000002d04290 code [0x0000000002d04400, 0x0000000002d046e8]
Event: 15.534 Thread 0x00000000149ac000 2696       3       com.android.dx.dex.file.ValueEncoder::writeConstant (494 bytes)
Event: 15.536 Thread 0x00000000149ac000 nmethod 2696 0x0000000002d0b090 code [0x0000000002d0b4a0, 0x0000000002d0dca8]
Event: 15.536 Thread 0x00000000149ac000 2697       3       java.lang.Long::numberOfLeadingZeros (94 bytes)
Event: 15.536 Thread 0x00000000149ac000 nmethod 2697 0x0000000002d03d90 code [0x0000000002d03f00, 0x0000000002d04210]

GC Heap History (10 events):
Event: 7.795 GC heap before
{Heap before GC invocations=5 (full 0):
 PSYoungGen      total 68096K, used 68083K [0x00000000eab00000, 0x00000000ef000000, 0x0000000100000000)
  eden space 65536K, 100% used [0x00000000eab00000,0x00000000eeb00000,0x00000000eeb00000)
  from space 2560K, 99% used [0x00000000eed80000,0x00000000eeffcc08,0x00000000ef000000)
  to   space 2560K, 0% used [0x00000000eeb00000,0x00000000eeb00000,0x00000000eed80000)
 ParOldGen       total 44032K, used 14735K [0x00000000c0000000, 0x00000000c2b00000, 0x00000000eab00000)
  object space 44032K, 33% used [0x00000000c0000000,0x00000000c0e63f48,0x00000000c2b00000)
 Metaspace       used 6253K, capacity 7152K, committed 7296K, reserved 1056768K
  class space    used 595K, capacity 616K, committed 640K, reserved 1048576K
Event: 7.887 GC heap after
Heap after GC invocations=5 (full 0):
 PSYoungGen      total 68096K, used 2560K [0x00000000eab00000, 0x00000000f4500000, 0x0000000100000000)
  eden space 65536K, 0% used [0x00000000eab00000,0x00000000eab00000,0x00000000eeb00000)
  from space 2560K, 100% used [0x00000000eeb00000,0x00000000eed80000,0x00000000eed80000)
  to   space 13312K, 0% used [0x00000000f3800000,0x00000000f3800000,0x00000000f4500000)
 ParOldGen       total 44032K, used 25124K [0x00000000c0000000, 0x00000000c2b00000, 0x00000000eab00000)
  object space 44032K, 57% used [0x00000000c0000000,0x00000000c1889000,0x00000000c2b00000)
 Metaspace       used 6253K, capacity 7152K, committed 7296K, reserved 1056768K
  class space    used 595K, capacity 616K, committed 640K, reserved 1048576K
}
Event: 8.267 GC heap before
{Heap before GC invocations=6 (full 0):
 PSYoungGen      total 68096K, used 68096K [0x00000000eab00000, 0x00000000f4500000, 0x0000000100000000)
  eden space 65536K, 100% used [0x00000000eab00000,0x00000000eeb00000,0x00000000eeb00000)
  from space 2560K, 100% used [0x00000000eeb00000,0x00000000eed80000,0x00000000eed80000)
  to   space 13312K, 0% used [0x00000000f3800000,0x00000000f3800000,0x00000000f4500000)
 ParOldGen       total 44032K, used 25124K [0x00000000c0000000, 0x00000000c2b00000, 0x00000000eab00000)
  object space 44032K, 57% used [0x00000000c0000000,0x00000000c1889000,0x00000000c2b00000)
 Metaspace       used 6271K, capacity 7152K, committed 7296K, reserved 1056768K
  class space    used 595K, capacity 616K, committed 640K, reserved 1048576K
Event: 8.360 GC heap after
Heap after GC invocations=6 (full 0):
 PSYoungGen      total 142336K, used 12916K [0x00000000eab00000, 0x00000000f4900000, 0x0000000100000000)
  eden space 129024K, 0% used [0x00000000eab00000,0x00000000eab00000,0x00000000f2900000)
  from space 13312K, 97% used [0x00000000f3800000,0x00000000f449d338,0x00000000f4500000)
  to   space 15360K, 0% used [0x00000000f2900000,0x00000000f2900000,0x00000000f3800000)
 ParOldGen       total 44032K, used 25124K [0x00000000c0000000, 0x00000000c2b00000, 0x00000000eab00000)
  object space 44032K, 57% used [0x00000000c0000000,0x00000000c1889000,0x00000000c2b00000)
 Metaspace       used 6271K, capacity 7152K, committed 7296K, reserved 1056768K
  class space    used 595K, capacity 616K, committed 640K, reserved 1048576K
}
Event: 9.012 GC heap before
{Heap before GC invocations=7 (full 0):
 PSYoungGen      total 142336K, used 141940K [0x00000000eab00000, 0x00000000f4900000, 0x0000000100000000)
  eden space 129024K, 100% used [0x00000000eab00000,0x00000000f2900000,0x00000000f2900000)
  from space 13312K, 97% used [0x00000000f3800000,0x00000000f449d338,0x00000000f4500000)
  to   space 15360K, 0% used [0x00000000f2900000,0x00000000f2900000,0x00000000f3800000)
 ParOldGen       total 44032K, used 25124K [0x00000000c0000000, 0x00000000c2b00000, 0x00000000eab00000)
  object space 44032K, 57% used [0x00000000c0000000,0x00000000c1889000,0x00000000c2b00000)
 Metaspace       used 6400K, capacity 7256K, committed 7424K, reserved 1056768K
  class space    used 615K, capacity 656K, committed 768K, reserved 1048576K
Event: 9.094 GC heap after
Heap after GC invocations=7 (full 0):
 PSYoungGen      total 144384K, used 15329K [0x00000000eab00000, 0x00000000fda00000, 0x0000000100000000)
  eden space 129024K, 0% used [0x00000000eab00000,0x00000000eab00000,0x00000000f2900000)
  from space 15360K, 99% used [0x00000000f2900000,0x00000000f37f84d0,0x00000000f3800000)
  to   space 26112K, 0% used [0x00000000fc080000,0x00000000fc080000,0x00000000fda00000)
 ParOldGen       total 44032K, used 41112K [0x00000000c0000000, 0x00000000c2b00000, 0x00000000eab00000)
  object space 44032K, 93% used [0x00000000c0000000,0x00000000c28263f8,0x00000000c2b00000)
 Metaspace       used 6400K, capacity 7256K, committed 7424K, reserved 1056768K
  class space    used 615K, capacity 656K, committed 768K, reserved 1048576K
}
Event: 9.094 GC heap before
{Heap before GC invocations=8 (full 1):
 PSYoungGen      total 144384K, used 15329K [0x00000000eab00000, 0x00000000fda00000, 0x0000000100000000)
  eden space 129024K, 0% used [0x00000000eab00000,0x00000000eab00000,0x00000000f2900000)
  from space 15360K, 99% used [0x00000000f2900000,0x00000000f37f84d0,0x00000000f3800000)
  to   space 26112K, 0% used [0x00000000fc080000,0x00000000fc080000,0x00000000fda00000)
 ParOldGen       total 44032K, used 41112K [0x00000000c0000000, 0x00000000c2b00000, 0x00000000eab00000)
  object space 44032K, 93% used [0x00000000c0000000,0x00000000c28263f8,0x00000000c2b00000)
 Metaspace       used 6400K, capacity 7256K, committed 7424K, reserved 1056768K
  class space    used 615K, capacity 656K, committed 768K, reserved 1048576K
Event: 9.918 GC heap after
Heap after GC invocations=8 (full 1):
 PSYoungGen      total 144384K, used 9160K [0x00000000eab00000, 0x00000000fda00000, 0x0000000100000000)
  eden space 129024K, 0% used [0x00000000eab00000,0x00000000eab00000,0x00000000f2900000)
  from space 15360K, 59% used [0x00000000f2900000,0x00000000f31f2180,0x00000000f3800000)
  to   space 26112K, 0% used [0x00000000fc080000,0x00000000fc080000,0x00000000fda00000)
 ParOldGen       total 80896K, used 43878K [0x00000000c0000000, 0x00000000c4f00000, 0x00000000eab00000)
  object space 80896K, 54% used [0x00000000c0000000,0x00000000c2ad99e8,0x00000000c4f00000)
 Metaspace       used 6400K, capacity 7256K, committed 7424K, reserved 1056768K
  class space    used 615K, capacity 656K, committed 768K, reserved 1048576K
}
Event: 10.686 GC heap before
{Heap before GC invocations=9 (full 1):
 PSYoungGen      total 144384K, used 138184K [0x00000000eab00000, 0x00000000fda00000, 0x0000000100000000)
  eden space 129024K, 100% used [0x00000000eab00000,0x00000000f2900000,0x00000000f2900000)
  from space 15360K, 59% used [0x00000000f2900000,0x00000000f31f2180,0x00000000f3800000)
  to   space 26112K, 0% used [0x00000000fc080000,0x00000000fc080000,0x00000000fda00000)
 ParOldGen       total 80896K, used 43878K [0x00000000c0000000, 0x00000000c4f00000, 0x00000000eab00000)
  object space 80896K, 54% used [0x00000000c0000000,0x00000000c2ad99e8,0x00000000c4f00000)
 Metaspace       used 6435K, capacity 7256K, committed 7424K, reserved 1056768K
  class space    used 617K, capacity 656K, committed 768K, reserved 1048576K
Event: 10.755 GC heap after
Heap after GC invocations=9 (full 1):
 PSYoungGen      total 233984K, used 26105K [0x00000000eab00000, 0x00000000fda00000, 0x0000000100000000)
  eden space 207872K, 0% used [0x00000000eab00000,0x00000000eab00000,0x00000000f7600000)
  from space 26112K, 99% used [0x00000000fc080000,0x00000000fd9fe598,0x00000000fda00000)
  to   space 31744K, 0% used [0x00000000f9c00000,0x00000000f9c00000,0x00000000fbb00000)
 ParOldGen       total 80896K, used 45711K [0x00000000c0000000, 0x00000000c4f00000, 0x00000000eab00000)
  object space 80896K, 56% used [0x00000000c0000000,0x00000000c2ca3d28,0x00000000c4f00000)
 Metaspace       used 6435K, capacity 7256K, committed 7424K, reserved 1056768K
  class space    used 617K, capacity 656K, committed 768K, reserved 1048576K
}

Deoptimization events (10 events):
Event: 11.501 Thread 0x00000000164f9000 Uncommon trap: reason=class_check action=maybe_recompile pc=0x000000000265de10 method=java.util.Arrays.equals([Ljava/lang/Object;[Ljava/lang/Object;)Z @ 62
Event: 11.501 Thread 0x00000000164f9000 Uncommon trap: reason=speculate_class_check action=maybe_recompile pc=0x0000000002692360 method=com.android.dx.util.FixedSizeList.equals(Ljava/lang/Object;)Z @ 25
Event: 11.501 Thread 0x00000000164f9000 Uncommon trap: reason=class_check action=maybe_recompile pc=0x000000000265de10 method=java.util.Arrays.equals([Ljava/lang/Object;[Ljava/lang/Object;)Z @ 62
Event: 11.501 Thread 0x00000000164f9000 Uncommon trap: reason=speculate_class_check action=maybe_recompile pc=0x0000000002692360 method=com.android.dx.util.FixedSizeList.equals(Ljava/lang/Object;)Z @ 25
Event: 11.501 Thread 0x00000000164f9000 Uncommon trap: reason=unstable_if action=reinterpret pc=0x000000000265de48 method=java.util.Arrays.equals([Ljava/lang/Object;[Ljava/lang/Object;)Z @ 23
Event: 11.501 Thread 0x00000000164f9000 Uncommon trap: reason=speculate_class_check action=maybe_recompile pc=0x0000000002692360 method=com.android.dx.util.FixedSizeList.equals(Ljava/lang/Object;)Z @ 25
Event: 11.501 Thread 0x00000000164f9000 Uncommon trap: reason=unstable_if action=reinterpret pc=0x0000000002b00a28 method=java.util.TreeMap.put(Ljava/lang/Object;Ljava/lang/Object;)Ljava/lang/Object; @ 163
Event: 12.866 Thread 0x00000000164f9000 Uncommon trap: reason=unstable_if action=reinterpret pc=0x0000000002bd47c8 method=com.android.dx.dex.code.LocalList$MakeState.snapshot(ILcom/android/dx/rop/code/RegisterSpecSet;)V @ 86
Event: 14.002 Thread 0x00000000164f9000 Uncommon trap: reason=unstable_if action=reinterpret pc=0x0000000002c76174 method=com.android.dx.rop.code.RegisterSpec.matchesVariable(Lcom/android/dx/rop/code/RegisterSpec;)Z @ 59
Event: 14.968 Thread 0x00000000164f9000 Uncommon trap: reason=unstable_if action=reinterpret pc=0x0000000002bab464 method=java.util.ArrayList.<init>(I)V @ 5

Internal exceptions (8 events):
Event: 0.788 Thread 0x0000000002180800 Exception <a 'java/lang/NoSuchMethodError': Method sun.misc.Unsafe.defineClass(Ljava/lang/String;[BII)Ljava/lang/Class; name or signature does not match> (0x00000000eab0d6f0) thrown at [C:\workspace\8-2-build-windows-amd64-cygwin\jdk8u65\4987\hotspot\src\sf,Q+7é?
Event: 0.788 Thread 0x0000000002180800 Exception <a 'java/lang/NoSuchMethodError': Method sun.misc.Unsafe.prefetchRead(Ljava/lang/Object;J)V name or signature does not match> (0x00000000eab0d9d8) thrown at [C:\workspace\8-2-build-windows-amd64-cygwin\jdk8u65\4987\hotspot\src\share\vm\prims\jni.p>.ÿ‹Â@
Event: 4.190 Thread 0x00000000164fd000 Implicit null exception at 0x0000000002579dca to 0x000000000257b7bd
Event: 4.190 Thread 0x00000000164fd000 Implicit null exception at 0x00000000025ab94d to 0x00000000025ada41
Event: 7.437 Thread 0x0000000002180800 Implicit null exception at 0x0000000002634922 to 0x0000000002634a1a
Event: 8.725 Thread 0x00000000164f6800 Exception <a 'java/lang/ArrayIndexOutOfBoundsException': 18> (0x00000000ee9da2a8) thrown at [C:\workspace\8-2-build-windows-amd64-cygwin\jdk8u65\4987\hotspot\src\share\vm\interpreter\interpreterRuntime.cpp, line 366]
Event: 8.725 Thread 0x00000000164f6800 Exception <a 'java/lang/ArrayIndexOutOfBoundsException': 145> (0x00000000ee9dbe28) thrown at [C:\workspace\8-2-build-windows-amd64-cygwin\jdk8u65\4987\hotspot\src\share\vm\interpreter\interpreterRuntime.cpp, line 366]
Event: 8.726 Thread 0x00000000164f6800 Exception <a 'java/lang/ArrayIndexOutOfBoundsException'> (0x00000000ee9dd110) thrown at [C:\workspace\8-2-build-windows-amd64-cygwin\jdk8u65\4987\hotspot\src\share\vm\runtime\sharedRuntime.cpp, line 605]

Events (10 events):
Event: 14.967 loading class com/android/dx/dex/file/DebugInfoEncoder$1 done
Event: 14.968 Thread 0x00000000164f9000 Uncommon trap: trap_request=0xffffff65 fr.pc=0x0000000002bab464
Event: 14.968 Thread 0x00000000164f9000 DEOPT PACKING pc=0x0000000002bab464 sp=0x000000001698ea30
Event: 14.968 Thread 0x00000000164f9000 DEOPT UNPACKING pc=0x00000000022c582a sp=0x000000001698e9d8 mode 2
Event: 14.968 loading class com/android/dx/dex/file/DebugInfoEncoder$2
Event: 14.968 loading class com/android/dx/dex/file/DebugInfoEncoder$2 done
Event: 15.514 Thread 0x00000000164f9000 DEOPT PACKING pc=0x0000000002b2f79c sp=0x000000001698e870
Event: 15.514 Thread 0x00000000164f9000 DEOPT UNPACKING pc=0x00000000022c787f sp=0x000000001698e5d8 mode 0
Event: 15.532 loading class com/android/dex/EncodedValueCodec
Event: 15.532 loading class com/android/dex/EncodedValueCodec done


Dynamic libraries:
0x00007ff7fe050000 - 0x00007ff7fe087000 	C:\Program Files\Java\jdk1.8.0_65\bin\java.exe
0x00007ffd8a0f0000 - 0x00007ffd8a29c000 	C:\Windows\SYSTEM32\ntdll.dll
0x00007ffd86780000 - 0x00007ffd868ba000 	C:\Windows\system32\KERNEL32.DLL
0x00007ffd73040000 - 0x00007ffd73073000 	C:\Program Files (x86)\AVG\Av\avghooka.dll
0x00007ffd863c0000 - 0x00007ffd864d0000 	C:\Windows\system32\KERNELBASE.dll
0x00007ffd844a0000 - 0x00007ffd8452e000 	C:\Windows\system32\apphelp.dll
0x00007ffd75550000 - 0x00007ffd755a3000 	C:\Windows\AppPatch\AppPatch64\AcGenral.DLL
0x00007ffd88d00000 - 0x00007ffd88da7000 	C:\Windows\system32\msvcrt.dll
0x00007ffd85e70000 - 0x00007ffd85e9b000 	C:\Windows\SYSTEM32\SspiCli.dll
0x00007ffd868c0000 - 0x00007ffd86911000 	C:\Windows\system32\SHLWAPI.dll
0x00007ffd86530000 - 0x00007ffd866a1000 	C:\Windows\system32\USER32.dll
0x00007ffd88b40000 - 0x00007ffd88cd4000 	C:\Windows\system32\ole32.dll
0x00007ffd87220000 - 0x00007ffd88738000 	C:\Windows\system32\SHELL32.dll
0x00007ffd85610000 - 0x00007ffd8562f000 	C:\Windows\SYSTEM32\USERENV.dll
0x00007ffd88940000 - 0x00007ffd889e5000 	C:\Windows\system32\ADVAPI32.dll
0x00007ffd7df40000 - 0x00007ffd7df5b000 	C:\Windows\SYSTEM32\MPR.dll
0x00007ffd887b0000 - 0x00007ffd888f1000 	C:\Windows\system32\RPCRT4.dll
0x00007ffd869e0000 - 0x00007ffd86a37000 	C:\Windows\SYSTEM32\sechost.dll
0x00007ffd86e90000 - 0x00007ffd87066000 	C:\Windows\SYSTEM32\combase.dll
0x00007ffd889f0000 - 0x00007ffd88b40000 	C:\Windows\system32\GDI32.dll
0x00007ffd85fc0000 - 0x00007ffd85fd4000 	C:\Windows\SYSTEM32\profapi.dll
0x00007ffd84980000 - 0x00007ffd84a1f000 	C:\Windows\SYSTEM32\SHCORE.dll
0x00007ffd88900000 - 0x00007ffd88934000 	C:\Windows\system32\IMM32.DLL
0x00007ffd86c20000 - 0x00007ffd86d71000 	C:\Windows\system32\MSCTF.dll
0x00007ffd84530000 - 0x00007ffd847aa000 	C:\Windows\WinSxS\amd64_microsoft.windows.common-controls_6595b64144ccf1df_6.0.9600.17810_none_6240b9c7ecbd0bda\COMCTL32.dll
0x0000000059ed0000 - 0x0000000059fa2000 	C:\Program Files\Java\jdk1.8.0_65\jre\bin\msvcr100.dll
0x000000005a350000 - 0x000000005abd9000 	C:\Program Files\Java\jdk1.8.0_65\jre\bin\server\jvm.dll
0x00007ffd82790000 - 0x00007ffd82799000 	C:\Windows\SYSTEM32\WSOCK32.dll
0x00007ffd7de30000 - 0x00007ffd7de4f000 	C:\Windows\SYSTEM32\WINMM.dll
0x00007ffd7df70000 - 0x00007ffd7df7a000 	C:\Windows\SYSTEM32\VERSION.dll
0x00007ffd86d80000 - 0x00007ffd86d87000 	C:\Windows\system32\PSAPI.DLL
0x00007ffd864d0000 - 0x00007ffd86528000 	C:\Windows\system32\WS2_32.dll
0x00007ffd7de00000 - 0x00007ffd7de2a000 	C:\Windows\SYSTEM32\WINMMBASE.dll
0x00007ffd887a0000 - 0x00007ffd887a9000 	C:\Windows\system32\NSI.dll
0x00007ffd86370000 - 0x00007ffd863ba000 	C:\Windows\SYSTEM32\cfgmgr32.dll
0x00007ffd84e20000 - 0x00007ffd84e46000 	C:\Windows\SYSTEM32\DEVOBJ.dll
0x000000005a340000 - 0x000000005a34f000 	C:\Program Files\Java\jdk1.8.0_65\jre\bin\verify.dll
0x000000005a310000 - 0x000000005a339000 	C:\Program Files\Java\jdk1.8.0_65\jre\bin\java.dll
0x000000005a2f0000 - 0x000000005a306000 	C:\Program Files\Java\jdk1.8.0_65\jre\bin\zip.dll

VM Arguments:
jvm_args: -Djava.awt.headless=true -Xmx1024M -Dfile.encoding=windows-1252 -Duser.country=US -Duser.language=en -Duser.variant 
java_command: com.android.dx.command.Main --dex --force-jumbo --num-threads=4 --multi-dex --output C:\Users\Israt\AndroidStudioProjects\Project\app\build\intermediates\transforms\dex\debug\folders\1000\10\com.android.support-support-v4-23.1.1_d869f1ed7ba6fb7ca8d0b6eaacc9da7f9999d974 C:\Users\Israt\AndroidStudioProjects\Project\app\build\intermediates\exploded-aar\com.android.support\support-v4\23.1.1\jars\classes.jar
java_class_path (initial): C:\Users\Israt\AppData\Local\Android\sdk\build-tools\23.0.1\lib\dx.jar
Launcher Type: SUN_STANDARD

Environment Variables:
JAVA_HOME=C:\Program Files\Java\jdk1.8.0_65
PATH=C:\ProgramData\Oracle\Java\javapath;C:\oraclexe\app\oracle\product\10.2.0\server\bin;C:\Windows\system32;C:\Windows;C:\Windows\System32\Wbem;C:\Windows\System32\WindowsPowerShell\v1.0\; C:\Program Files (x86)\Java\jre8;C:\Program Files (x86)\Windows Live\Shared;C:\Program Files\Microsoft\Web Platform Installer\;C:\Program Files (x86)\Microsoft ASP.NET\ASP.NET Web Pages\v1.0\;C:\Program Files (x86)\Windows Kits\8.0\Windows Performance Toolkit\;C:\Program Files\Microsoft SQL Server\110\Tools\Binn\;E:\matlab\runtime\win64;E:\matlab\bin;E:\matlab\polyspace\bin;C:\Program Files (x86)\Skype\Phone\C:\Program Files\MySQL\MySQL Server 5.7\bin\bin;C:\Users\Israt\AppData\Local\Programs\MiKTeX 2.9\miktex\bin\
USERNAME=Israt
OS=Windows_NT
PROCESSOR_IDENTIFIER=Intel64 Family 6 Model 60 Stepping 3, GenuineIntel



---------------  S Y S T E M  ---------------

OS: Windows 8.1 , 64 bit Build 9600 (6.3.9600.17031)

CPU:total 4 (2 cores per cpu, 2 threads per core) family 6 model 60 stepping 3, cmov, cx8, fxsr, mmx, sse, sse2, sse3, ssse3, sse4.1, sse4.2, popcnt, avx, avx2, aes, clmul, erms, lzcnt, ht, tsc, tscinvbit, bmi1, bmi2

Memory: 4k page, physical 4072560k(588492k free), swap 7218288k(4868k free)

vm_info: Java HotSpot(TM) 64-Bit Server VM (25.65-b01) for windows-amd64 JRE (1.8.0_65-b17), built on Oct  6 2015 16:39:20 by "java_re" with MS VC++ 10.0 (VS2010)

time: Fri May 20 00:07:32 2016
elapsed time: 15 seconds (0d 0h 0m 15s)

