#
# There is insufficient memory for the Java Runtime Environment to continue.
# Native memory allocation (malloc) failed to allocate 37216 bytes for Chunk::new
# Possible reasons:
#   The system is out of physical RAM or swap space
#   In 32 bit mode, the process size limit was hit
# Possible solutions:
#   Reduce memory load on the system
#   Increase physical memory or swap space
#   Check if swap backing store is full
#   Use 64 bit Java on a 64 bit OS
#   Decrease Java heap size (-Xmx/-Xms)
#   Decrease number of Java threads
#   Decrease Java thread stack sizes (-Xss)
#   Set larger code cache with -XX:ReservedCodeCacheSize=
# This output file may be truncated or incomplete.
#
#  Out of Memory Error (allocation.cpp:390), pid=9244, tid=196
#
# JRE version: Java(TM) SE Runtime Environment (8.0_65-b17) (build 1.8.0_65-b17)
# Java VM: Java HotSpot(TM) 64-Bit Server VM (25.65-b01 mixed mode windows-amd64 compressed oops)
# Failed to write core dump. Minidumps are not enabled by default on client versions of Windows
#

---------------  T H R E A D  ---------------

Current thread (0x0000000014bfd800):  JavaThread "C2 CompilerThread0" daemon [_thread_in_native, id=196, stack(0x0000000016250000,0x0000000016350000)]

Stack: [0x0000000016250000,0x0000000016350000]
[error occurred during error reporting (printing stack bounds), id 0xc0000005]

Native frames: (J=compiled Java code, j=interpreted, Vv=VM code, C=native code)


Current CompileTask:
C2:    638  217       4       java.lang.String::startsWith (7 bytes)


---------------  P R O C E S S  ---------------

Java Threads: ( => current thread )
  0x00000000166b4000 JavaThread "pool-2-thread-4" [_thread_in_Java, id=10200, stack(0x0000000016f50000,0x0000000017050000)]
  0x00000000166b3000 JavaThread "pool-2-thread-3" [_thread_in_vm, id=8860, stack(0x0000000016e50000,0x0000000016f50000)]
  0x00000000166bb000 JavaThread "pool-2-thread-2" [_thread_blocked, id=3648, stack(0x0000000016d50000,0x0000000016e50000)]
  0x00000000166b2800 JavaThread "pool-3-thread-1" [_thread_blocked, id=2092, stack(0x0000000016c50000,0x0000000016d50000)]
  0x000000001667f800 JavaThread "pool-2-thread-1" [_thread_blocked, id=6244, stack(0x0000000016b50000,0x0000000016c50000)]
  0x0000000016556800 JavaThread "Service Thread" daemon [_thread_blocked, id=10144, stack(0x0000000016950000,0x0000000016a50000)]
  0x0000000014c5d000 JavaThread "C1 CompilerThread2" daemon [_thread_in_native, id=5636, stack(0x0000000016450000,0x0000000016550000)]
  0x0000000014c57000 JavaThread "C2 CompilerThread1" daemon [_thread_blocked, id=5968, stack(0x0000000016350000,0x0000000016450000)]
=>0x0000000014bfd800 JavaThread "C2 CompilerThread0" daemon [_thread_in_native, id=196, stack(0x0000000016250000,0x0000000016350000)]
  0x0000000014bfb800 JavaThread "Attach Listener" daemon [_thread_blocked, id=3712, stack(0x0000000016150000,0x0000000016250000)]
  0x0000000014bfa800 JavaThread "Signal Dispatcher" daemon [_thread_blocked, id=2144, stack(0x0000000016050000,0x0000000016150000)]
  0x00000000024f6000 JavaThread "Finalizer" daemon [_thread_blocked, id=9256, stack(0x0000000015e70000,0x0000000015f70000)]
  0x00000000024ed000 JavaThread "Reference Handler" daemon [_thread_blocked, id=6888, stack(0x0000000015d70000,0x0000000015e70000)]
  0x0000000002400800 JavaThread "main" [_thread_in_Java, id=7904, stack(0x00000000022d0000,0x00000000023d0000)]

Other Threads:
  0x0000000014bc7800 VMThread [stack: 0x0000000015c70000,0x0000000015d70000] [id=9336]
  0x0000000016572000 WatcherThread [stack: 0x0000000016a50000,0x0000000016b50000] [id=4444]

VM state:not at safepoint (normal execution)

VM Mutex/Monitor currently owned by a thread: None

Heap:
 PSYoungGen      total 18944K, used 5577K [0x00000000eab00000, 0x00000000ec000000, 0x0000000100000000)
  eden space 16384K, 34% used [0x00000000eab00000,0x00000000eb0726e8,0x00000000ebb00000)
  from space 2560K, 0% used [0x00000000ebd80000,0x00000000ebd80000,0x00000000ec000000)
  to   space 2560K, 0% used [0x00000000ebb00000,0x00000000ebb00000,0x00000000ebd80000)
 ParOldGen       total 44032K, used 0K [0x00000000c0000000, 0x00000000c2b00000, 0x00000000eab00000)
  object space 44032K, 0% used [0x00000000c0000000,0x00000000c0000000,0x00000000c2b00000)
 Metaspace       used 4046K, capacity 5296K, committed 5376K, reserved 1056768K
  class space    used 463K, capacity 488K, committed 512K, reserved 1048576K

Card table byte_map: [0x00000000118f0000,0x0000000011b00000] byte_map_base: 0x00000000112f0000

Marking Bits: (ParMarkBitMap*) 0x000000005ab5a5b0
 Begin Bits: [0x0000000012060000, 0x0000000013060000)
 End Bits:   [0x0000000013060000, 0x0000000014060000)

Polling page: 0x0000000000ae0000

CodeCache: size=245760Kb used=1555Kb max_used=1555Kb free=244204Kb
 bounds [0x0000000002530000, 0x00000000027a0000, 0x0000000011530000]
 total_blobs=469 nmethods=211 adapters=171
 compilation: enabled

Compilation events (10 events):
Event: 0.633 Thread 0x0000000014c5d000  206  s!   3       sun.misc.URLClassPath::getLoader (197 bytes)
Event: 0.635 Thread 0x0000000014c5d000 nmethod 206 0x00000000026a9990 code [0x00000000026a9d60, 0x00000000026ac4d8]
Event: 0.635 Thread 0x0000000014c5d000  207       3       java.util.ArrayList::get (11 bytes)
Event: 0.635 Thread 0x0000000014c5d000 nmethod 207 0x00000000026adc90 code [0x00000000026ade20, 0x00000000026ae198]
Event: 0.635 Thread 0x0000000014c5d000  208       3       java.util.ArrayList::rangeCheck (22 bytes)
Event: 0.636 Thread 0x0000000014c5d000 nmethod 208 0x00000000026ae3d0 code [0x00000000026ae5e0, 0x00000000026af0d8]
Event: 0.636 Thread 0x0000000014c5d000  209       3       java.util.ArrayList::elementData (7 bytes)
Event: 0.636 Thread 0x0000000014c5d000 nmethod 209 0x00000000026af690 code [0x00000000026af7e0, 0x00000000026af950]
Event: 0.636 Thread 0x0000000014c5d000  215   !   3       com.android.dx.rop.type.Type::intern (319 bytes)
Event: 0.636 Thread 0x0000000014bfd800  217       4       java.lang.String::startsWith (7 bytes)

GC Heap History (0 events):
No events

Deoptimization events (0 events):
No events

Internal exceptions (10 events):
Event: 0.631 Thread 0x00000000166b4000 Exception <a 'java/lang/StackOverflowError'> (0x00000000eafd5228) thrown at [C:\workspace\8-2-build-windows-amd64-cygwin\jdk8u65\4987\hotspot\src\share\vm\runtime\sharedRuntime.cpp, line 605]
Event: 0.631 Thread 0x00000000166b4000 Exception <a 'java/lang/StackOverflowError'> (0x00000000eafd5228) thrown at [C:\workspace\8-2-build-windows-amd64-cygwin\jdk8u65\4987\hotspot\src\share\vm\prims\jvm.cpp, line 1390]
Event: 0.633 Thread 0x00000000166b3000 Exception <a 'java/lang/OutOfMemoryError'> (0x00000000eaf865f8) thrown at [C:\workspace\8-2-build-windows-amd64-cygwin\jdk8u65\4987\hotspot\src\share\vm\prims\jni.cpp, line 735]
Event: 0.633 Thread 0x00000000166b3000 Exception <a 'java/lang/OutOfMemoryError'> (0x00000000eaf865f8) thrown at [C:\workspace\8-2-build-windows-amd64-cygwin\jdk8u65\4987\hotspot\src\share\vm\prims\jvm.cpp, line 1390]
Event: 0.634 Thread 0x00000000166b3000 Exception <a 'java/lang/OutOfMemoryError'> (0x00000000eaf8e3b8) thrown at [C:\workspace\8-2-build-windows-amd64-cygwin\jdk8u65\4987\hotspot\src\share\vm\prims\jni.cpp, line 735]
Event: 0.634 Thread 0x00000000166b3000 Exception <a 'java/lang/OutOfMemoryError'> (0x00000000eaf8e3b8) thrown at [C:\workspace\8-2-build-windows-amd64-cygwin\jdk8u65\4987\hotspot\src\share\vm\prims\jvm.cpp, line 1390]
Event: 0.635 Thread 0x00000000166b4000 Exception <a 'java/lang/OutOfMemoryError'> (0x00000000eafd7f28) thrown at [C:\workspace\8-2-build-windows-amd64-cygwin\jdk8u65\4987\hotspot\src\share\vm\prims\jni.cpp, line 735]
Event: 0.635 Thread 0x00000000166b4000 Exception <a 'java/lang/OutOfMemoryError'> (0x00000000eafd7f28) thrown at [C:\workspace\8-2-build-windows-amd64-cygwin\jdk8u65\4987\hotspot\src\share\vm\prims\jvm.cpp, line 1390]
Event: 0.635 Thread 0x0000000002400800 Exception <a 'java/lang/OutOfMemoryError'> (0x00000000eb0578a8) thrown at [C:\workspace\8-2-build-windows-amd64-cygwin\jdk8u65\4987\hotspot\src\share\vm\prims\jni.cpp, line 735]
Event: 0.635 Thread 0x0000000002400800 Exception <a 'java/lang/OutOfMemoryError'> (0x00000000eb0578a8) thrown at [C:\workspace\8-2-build-windows-amd64-cygwin\jdk8u65\4987\hotspot\src\share\vm\prims\jvm.cpp, line 1390]

Events (10 events):
Event: 0.634 loading class com/android/dx/rop/annotation/AnnotationVisibility
Event: 0.634 loading class com/android/dx/rop/annotation/AnnotationVisibility done
Event: 0.635 loading class com/android/dx/rop/annotation/AnnotationVisibility
Event: 0.635 loading class com/android/dx/rop/annotation/AnnotationVisibility done
Event: 0.635 loading class com/android/dx/rop/code/PlainInsn
Event: 0.635 loading class com/android/dx/rop/code/PlainInsn done
Event: 0.636 loading class com/android/dx/rop/code/PlainInsn
Event: 0.636 loading class com/android/dx/rop/code/PlainInsn done
Event: 0.636 loading class com/android/dx/rop/code/ThrowingInsn
Event: 0.636 loading class com/android/dx/rop/code/ThrowingInsn done


Dynamic libraries:
0x00007ff7fe050000 - 0x00007ff7fe087000 	C:\Program Files\Java\jdk1.8.0_65\bin\java.exe
0x00007ffd8a0f0000 - 0x00007ffd8a29c000 	C:\Windows\SYSTEM32\ntdll.dll
0x00007ffd86780000 - 0x00007ffd868ba000 	C:\Windows\system32\KERNEL32.DLL
0x00007ffd73040000 - 0x00007ffd73073000 	C:\Program Files (x86)\AVG\Av\avghooka.dll
0x00007ffd863c0000 - 0x00007ffd864d0000 	C:\Windows\system32\KERNELBASE.dll
0x00007ffd844a0000 - 0x00007ffd8452e000 	C:\Windows\system32\apphelp.dll
0x00007ffd75550000 - 0x00007ffd755a3000 	C:\Windows\AppPatch\AppPatch64\AcGenral.DLL
0x00007ffd88d00000 - 0x00007ffd88da7000 	C:\Windows\system32\msvcrt.dll
0x00007ffd85e70000 - 0x00007ffd85e9b000 	C:\Windows\SYSTEM32\SspiCli.dll
0x00007ffd868c0000 - 0x00007ffd86911000 	C:\Windows\system32\SHLWAPI.dll
0x00007ffd86530000 - 0x00007ffd866a1000 	C:\Windows\system32\USER32.dll
0x00007ffd88b40000 - 0x00007ffd88cd4000 	C:\Windows\system32\ole32.dll
0x00007ffd87220000 - 0x00007ffd88738000 	C:\Windows\system32\SHELL32.dll
0x00007ffd85610000 - 0x00007ffd8562f000 	C:\Windows\SYSTEM32\USERENV.dll
0x00007ffd88940000 - 0x00007ffd889e5000 	C:\Windows\system32\ADVAPI32.dll
0x00007ffd7df40000 - 0x00007ffd7df5b000 	C:\Windows\SYSTEM32\MPR.dll
0x00007ffd887b0000 - 0x00007ffd888f1000 	C:\Windows\system32\RPCRT4.dll
0x00007ffd869e0000 - 0x00007ffd86a37000 	C:\Windows\SYSTEM32\sechost.dll
0x00007ffd86e90000 - 0x00007ffd87066000 	C:\Windows\SYSTEM32\combase.dll
0x00007ffd889f0000 - 0x00007ffd88b40000 	C:\Windows\system32\GDI32.dll
0x00007ffd85fc0000 - 0x00007ffd85fd4000 	C:\Windows\SYSTEM32\profapi.dll
0x00007ffd84980000 - 0x00007ffd84a1f000 	C:\Windows\SYSTEM32\SHCORE.dll
0x00007ffd88900000 - 0x00007ffd88934000 	C:\Windows\system32\IMM32.DLL
0x00007ffd86c20000 - 0x00007ffd86d71000 	C:\Windows\system32\MSCTF.dll
0x00007ffd84530000 - 0x00007ffd847aa000 	C:\Windows\WinSxS\amd64_microsoft.windows.common-controls_6595b64144ccf1df_6.0.9600.17810_none_6240b9c7ecbd0bda\COMCTL32.dll
0x0000000059ed0000 - 0x0000000059fa2000 	C:\Program Files\Java\jdk1.8.0_65\jre\bin\msvcr100.dll
0x000000005a350000 - 0x000000005abd9000 	C:\Program Files\Java\jdk1.8.0_65\jre\bin\server\jvm.dll
0x00007ffd82790000 - 0x00007ffd82799000 	C:\Windows\SYSTEM32\WSOCK32.dll
0x00007ffd7de30000 - 0x00007ffd7de4f000 	C:\Windows\SYSTEM32\WINMM.dll
0x00007ffd7df70000 - 0x00007ffd7df7a000 	C:\Windows\SYSTEM32\VERSION.dll
0x00007ffd86d80000 - 0x00007ffd86d87000 	C:\Windows\system32\PSAPI.DLL
0x00007ffd864d0000 - 0x00007ffd86528000 	C:\Windows\system32\WS2_32.dll
0x00007ffd7de00000 - 0x00007ffd7de2a000 	C:\Windows\SYSTEM32\WINMMBASE.dll
0x00007ffd887a0000 - 0x00007ffd887a9000 	C:\Windows\system32\NSI.dll
0x00007ffd86370000 - 0x00007ffd863ba000 	C:\Windows\SYSTEM32\cfgmgr32.dll
0x00007ffd84e20000 - 0x00007ffd84e46000 	C:\Windows\SYSTEM32\DEVOBJ.dll
0x000000005a340000 - 0x000000005a34f000 	C:\Program Files\Java\jdk1.8.0_65\jre\bin\verify.dll
0x000000005a310000 - 0x000000005a339000 	C:\Program Files\Java\jdk1.8.0_65\jre\bin\java.dll
0x000000005a2f0000 - 0x000000005a306000 	C:\Program Files\Java\jdk1.8.0_65\jre\bin\zip.dll

VM Arguments:
jvm_args: -Djava.awt.headless=true -Xmx1024M -Dfile.encoding=windows-1252 -Duser.country=US -Duser.language=en -Duser.variant 
java_command: com.android.dx.command.Main --dex --force-jumbo --num-threads=4 --multi-dex --output C:\Users\Israt\AndroidStudioProjects\Project\app\build\intermediates\transforms\dex\debug\folders\1000\10\com.daimajia.androidanimations-library-1.1.3_400e817b03129a73fc26fe71a226963c1ddb70fa C:\Users\Israt\AndroidStudioProjects\Project\app\build\intermediates\exploded-aar\com.daimajia.androidanimations\library\1.1.3\jars\classes.jar
java_class_path (initial): C:\Users\Israt\AppData\Local\Android\sdk\build-tools\23.0.1\lib\dx.jar
Launcher Type: SUN_STANDARD

Environment Variables:
JAVA_HOME=C:\Program Files\Java\jdk1.8.0_65
PATH=C:\ProgramData\Oracle\Java\javapath;C:\oraclexe\app\oracle\product\10.2.0\server\bin;C:\Windows\system32;C:\Windows;C:\Windows\System32\Wbem;C:\Windows\System32\WindowsPowerShell\v1.0\; C:\Program Files (x86)\Java\jre8;C:\Program Files (x86)\Windows Live\Shared;C:\Program Files\Microsoft\Web Platform Installer\;C:\Program Files (x86)\Microsoft ASP.NET\ASP.NET Web Pages\v1.0\;C:\Program Files (x86)\Windows Kits\8.0\Windows Performance Toolkit\;C:\Program Files\Microsoft SQL Server\110\Tools\Binn\;E:\matlab\runtime\win64;E:\matlab\bin;E:\matlab\polyspace\bin;C:\Program Files (x86)\Skype\Phone\C:\Program Files\MySQL\MySQL Server 5.7\bin\bin;C:\Users\Israt\AppData\Local\Programs\MiKTeX 2.9\miktex\bin\
USERNAME=Israt
OS=Windows_NT
PROCESSOR_IDENTIFIER=Intel64 Family 6 Model 60 Stepping 3, GenuineIntel



---------------  S Y S T E M  ---------------

OS: Windows 8.1 , 64 bit Build 9600 (6.3.9600.17031)

CPU:total 4 (2 cores per cpu, 2 threads per core) family 6 model 60 stepping 3, cmov, cx8, fxsr, mmx, sse, sse2, sse3, ssse3, sse4.1, sse4.2, popcnt, avx, avx2, aes, clmul, erms, lzcnt, ht, tsc, tscinvbit, bmi1, bmi2

Memory: 4k page, physical 4072560k(978008k free), swap 7218288k(1180k free)

vm_info: Java HotSpot(TM) 64-Bit Server VM (25.65-b01) for windows-amd64 JRE (1.8.0_65-b17), built on Oct  6 2015 16:39:20 by "java_re" with MS VC++ 10.0 (VS2010)

time: Fri May 20 00:20:47 2016
elapsed time: 0 seconds (0d 0h 0m 0s)

