#
# There is insufficient memory for the Java Runtime Environment to continue.
# Native memory allocation (malloc) failed to allocate 655616 bytes for Chunk::new
# Possible reasons:
#   The system is out of physical RAM or swap space
#   In 32 bit mode, the process size limit was hit
# Possible solutions:
#   Reduce memory load on the system
#   Increase physical memory or swap space
#   Check if swap backing store is full
#   Use 64 bit Java on a 64 bit OS
#   Decrease Java heap size (-Xmx/-Xms)
#   Decrease number of Java threads
#   Decrease Java thread stack sizes (-Xss)
#   Set larger code cache with -XX:ReservedCodeCacheSize=
# This output file may be truncated or incomplete.
#
#  Out of Memory Error (allocation.cpp:390), pid=8536, tid=7024
#
# JRE version: Java(TM) SE Runtime Environment (8.0_65-b17) (build 1.8.0_65-b17)
# Java VM: Java HotSpot(TM) 64-Bit Server VM (25.65-b01 mixed mode windows-amd64 compressed oops)
# Failed to write core dump. Minidumps are not enabled by default on client versions of Windows
#

---------------  T H R E A D  ---------------

Current thread (0x000000001466d800):  JavaThread "C2 CompilerThread0" daemon [_thread_in_native, id=7024, stack(0x0000000015ca0000,0x0000000015da0000)]

Stack: [0x0000000015ca0000,0x0000000015da0000]
[error occurred during error reporting (printing stack bounds), id 0xc0000005]

Native frames: (J=compiled Java code, j=interpreted, Vv=VM code, C=native code)


Current CompileTask:
C2:    885  752       4       com.android.dx.merge.DexMerger::transformDebugInfoItem (313 bytes)


---------------  P R O C E S S  ---------------

Java Threads: ( => current thread )
  0x0000000015fc8000 JavaThread "Service Thread" daemon [_thread_blocked, id=1716, stack(0x00000000163a0000,0x00000000164a0000)]
  0x0000000014679800 JavaThread "C1 CompilerThread2" daemon [_thread_blocked, id=5184, stack(0x0000000015ea0000,0x0000000015fa0000)]
  0x0000000014670800 JavaThread "C2 CompilerThread1" daemon [_thread_in_native, id=8564, stack(0x0000000015da0000,0x0000000015ea0000)]
=>0x000000001466d800 JavaThread "C2 CompilerThread0" daemon [_thread_in_native, id=7024, stack(0x0000000015ca0000,0x0000000015da0000)]
  0x000000001466b800 JavaThread "Attach Listener" daemon [_thread_blocked, id=6380, stack(0x0000000015ba0000,0x0000000015ca0000)]
  0x000000001466a000 JavaThread "Signal Dispatcher" daemon [_thread_blocked, id=8540, stack(0x0000000015aa0000,0x0000000015ba0000)]
  0x0000000001f96800 JavaThread "Finalizer" daemon [_thread_blocked, id=8472, stack(0x00000000158c0000,0x00000000159c0000)]
  0x0000000001f8e000 JavaThread "Reference Handler" daemon [_thread_blocked, id=7944, stack(0x00000000157c0000,0x00000000158c0000)]
  0x000000000063d800 JavaThread "main" [_thread_in_Java, id=8772, stack(0x0000000001d80000,0x0000000001e80000)]

Other Threads:
  0x0000000014637000 VMThread [stack: 0x00000000156c0000,0x00000000157c0000] [id=4924]
  0x0000000015ff6000 WatcherThread [stack: 0x00000000164a0000,0x00000000165a0000] [id=8576]

VM state:not at safepoint (normal execution)

VM Mutex/Monitor currently owned by a thread: None

Heap:
 PSYoungGen      total 18944K, used 11046K [0x00000000eab00000, 0x00000000ec000000, 0x0000000100000000)
  eden space 16384K, 51% used [0x00000000eab00000,0x00000000eb350360,0x00000000ebb00000)
  from space 2560K, 98% used [0x00000000ebd80000,0x00000000ebff9638,0x00000000ec000000)
  to   space 2560K, 0% used [0x00000000ebb00000,0x00000000ebb00000,0x00000000ebd80000)
 ParOldGen       total 44032K, used 5511K [0x00000000c0000000, 0x00000000c2b00000, 0x00000000eab00000)
  object space 44032K, 12% used [0x00000000c0000000,0x00000000c0561cd0,0x00000000c2b00000)
 Metaspace       used 4696K, capacity 5464K, committed 5760K, reserved 1056768K
  class space    used 514K, capacity 528K, committed 640K, reserved 1048576K

Card table byte_map: [0x0000000011360000,0x0000000011570000] byte_map_base: 0x0000000010d60000

Marking Bits: (ParMarkBitMap*) 0x0000000060f6a5b0
 Begin Bits: [0x0000000011ad0000, 0x0000000012ad0000)
 End Bits:   [0x0000000012ad0000, 0x0000000013ad0000)

Polling page: 0x00000000004b0000

CodeCache: size=245760Kb used=2756Kb max_used=2765Kb free=243003Kb
 bounds [0x0000000001fa0000, 0x0000000002260000, 0x0000000010fa0000]
 total_blobs=1075 nmethods=799 adapters=189
 compilation: enabled

Compilation events (10 events):
Event: 0.859 Thread 0x0000000014679800  790       2       com.android.dex.Code$Try::<init> (20 bytes)
Event: 0.859 Thread 0x0000000014679800 nmethod 790 0x0000000002242450 code [0x00000000022425a0, 0x00000000022426f0]
Event: 0.860 Thread 0x0000000014679800  791       2       com.android.dex.Dex$Section::readCatchHandler (82 bytes)
Event: 0.860 Thread 0x0000000014679800 nmethod 791 0x0000000002241b90 code [0x0000000002241d20, 0x0000000002242198]
Event: 0.860 Thread 0x0000000014679800  793       2       com.android.dx.merge.DexMerger::transformEncodedCatchHandler (105 bytes)
Event: 0.861 Thread 0x0000000014679800 nmethod 793 0x0000000002241190 code [0x0000000002241340, 0x00000000022416c8]
Event: 0.861 Thread 0x0000000014679800  792       2       java.lang.Math::abs (11 bytes)
Event: 0.861 Thread 0x0000000014679800 nmethod 792 0x000000000222d310 code [0x000000000222d460, 0x000000000222d5b0]
Event: 0.862 Thread 0x0000000014679800  795       2       com.android.dx.io.instructions.FiveRegisterDecodedInstruction::withIndex (49 bytes)
Event: 0.862 Thread 0x0000000014679800 nmethod 795 0x0000000002240d10 code [0x0000000002240e80, 0x00000000022410c8]

GC Heap History (4 events):
Event: 0.640 GC heap before
{Heap before GC invocations=1 (full 0):
 PSYoungGen      total 18944K, used 16384K [0x00000000eab00000, 0x00000000ec000000, 0x0000000100000000)
  eden space 16384K, 100% used [0x00000000eab00000,0x00000000ebb00000,0x00000000ebb00000)
  from space 2560K, 0% used [0x00000000ebd80000,0x00000000ebd80000,0x00000000ec000000)
  to   space 2560K, 0% used [0x00000000ebb00000,0x00000000ebb00000,0x00000000ebd80000)
 ParOldGen       total 44032K, used 0K [0x00000000c0000000, 0x00000000c2b00000, 0x00000000eab00000)
  object space 44032K, 0% used [0x00000000c0000000,0x00000000c0000000,0x00000000c2b00000)
 Metaspace       used 4571K, capacity 5336K, committed 5504K, reserved 1056768K
  class space    used 514K, capacity 528K, committed 640K, reserved 1048576K
Event: 0.645 GC heap after
Heap after GC invocations=1 (full 0):
 PSYoungGen      total 18944K, used 2540K [0x00000000eab00000, 0x00000000ec000000, 0x0000000100000000)
  eden space 16384K, 0% used [0x00000000eab00000,0x00000000eab00000,0x00000000ebb00000)
  from space 2560K, 99% used [0x00000000ebb00000,0x00000000ebd7b340,0x00000000ebd80000)
  to   space 2560K, 0% used [0x00000000ebd80000,0x00000000ebd80000,0x00000000ec000000)
 ParOldGen       total 44032K, used 2794K [0x00000000c0000000, 0x00000000c2b00000, 0x00000000eab00000)
  object space 44032K, 6% used [0x00000000c0000000,0x00000000c02babc0,0x00000000c2b00000)
 Metaspace       used 4571K, capacity 5336K, committed 5504K, reserved 1056768K
  class space    used 514K, capacity 528K, committed 640K, reserved 1048576K
}
Event: 0.831 GC heap before
{Heap before GC invocations=2 (full 0):
 PSYoungGen      total 18944K, used 18924K [0x00000000eab00000, 0x00000000ec000000, 0x0000000100000000)
  eden space 16384K, 100% used [0x00000000eab00000,0x00000000ebb00000,0x00000000ebb00000)
  from space 2560K, 99% used [0x00000000ebb00000,0x00000000ebd7b340,0x00000000ebd80000)
  to   space 2560K, 0% used [0x00000000ebd80000,0x00000000ebd80000,0x00000000ec000000)
 ParOldGen       total 44032K, used 2794K [0x00000000c0000000, 0x00000000c2b00000, 0x00000000eab00000)
  object space 44032K, 6% used [0x00000000c0000000,0x00000000c02babc0,0x00000000c2b00000)
 Metaspace       used 4670K, capacity 5464K, committed 5760K, reserved 1056768K
  class space    used 514K, capacity 528K, committed 640K, reserved 1048576K
Event: 0.838 GC heap after
Heap after GC invocations=2 (full 0):
 PSYoungGen      total 18944K, used 2533K [0x00000000eab00000, 0x00000000ec000000, 0x0000000100000000)
  eden space 16384K, 0% used [0x00000000eab00000,0x00000000eab00000,0x00000000ebb00000)
  from space 2560K, 98% used [0x00000000ebd80000,0x00000000ebff9638,0x00000000ec000000)
  to   space 2560K, 0% used [0x00000000ebb00000,0x00000000ebb00000,0x00000000ebd80000)
 ParOldGen       total 44032K, used 5511K [0x00000000c0000000, 0x00000000c2b00000, 0x00000000eab00000)
  object space 44032K, 12% used [0x00000000c0000000,0x00000000c0561cd0,0x00000000c2b00000)
 Metaspace       used 4670K, capacity 5464K, committed 5760K, reserved 1056768K
  class space    used 514K, capacity 528K, committed 640K, reserved 1048576K
}

Deoptimization events (1 events):
Event: 0.646 Thread 0x000000000063d800 Uncommon trap: reason=predicate action=maybe_recompile pc=0x000000000215f9c0 method=com.android.dex.Leb128.readUnsignedLeb128(Lcom/android/dex/util/ByteInput;)I @ 41

Internal exceptions (2 events):
Event: 0.035 Thread 0x000000000063d800 Exception <a 'java/lang/NoSuchMethodError': Method sun.misc.Unsafe.defineClass(Ljava/lang/String;[BII)Ljava/lang/Class; name or signature does not match> (0x00000000eab0dd60) thrown at [C:\workspace\8-2-build-windows-amd64-cygwin\jdk8u65\4987\hotspot\src\sB.X+Â¢?
Event: 0.035 Thread 0x000000000063d800 Exception <a 'java/lang/NoSuchMethodError': Method sun.misc.Unsafe.prefetchRead(Ljava/lang/Object;J)V name or signature does not match> (0x00000000eab0e048) thrown at [C:\workspace\8-2-build-windows-amd64-cygwin\jdk8u65\4987\hotspot\src\share\vm\prims\jni.

Events (10 events):
Event: 0.701 Thread 0x000000000063d800 DEOPT PACKING pc=0x000000000217487e sp=0x0000000001e7ed80
Event: 0.701 Thread 0x000000000063d800 DEOPT UNPACKING pc=0x0000000001fe787f sp=0x0000000001e7ea98 mode 0
Event: 0.701 Thread 0x000000000063d800 DEOPT PACKING pc=0x000000000217487e sp=0x0000000001e7ed80
Event: 0.701 Thread 0x000000000063d800 DEOPT UNPACKING pc=0x0000000001fe787f sp=0x0000000001e7ea98 mode 0
Event: 0.701 Thread 0x000000000063d800 DEOPT PACKING pc=0x000000000217487e sp=0x0000000001e7ed80
Event: 0.701 Thread 0x000000000063d800 DEOPT UNPACKING pc=0x0000000001fe787f sp=0x0000000001e7ea98 mode 0
Event: 0.701 Thread 0x000000000063d800 DEOPT PACKING pc=0x000000000217487e sp=0x0000000001e7ed80
Event: 0.701 Thread 0x000000000063d800 DEOPT UNPACKING pc=0x0000000001fe787f sp=0x0000000001e7ea98 mode 0
Event: 0.831 Executing VM operation: ParallelGCFailedAllocation
Event: 0.838 Executing VM operation: ParallelGCFailedAllocation done


Dynamic libraries:
0x00007ff688f30000 - 0x00007ff688f67000 	C:\Program Files\Java\jdk1.8.0_65\bin\java.exe
0x00007ff8cdad0000 - 0x00007ff8cdc7c000 	C:\Windows\SYSTEM32\ntdll.dll
0x00007ff8cad00000 - 0x00007ff8cae3a000 	C:\Windows\system32\KERNEL32.DLL
0x00007ff8b8350000 - 0x00007ff8b8383000 	C:\Program Files (x86)\AVG\Av\avghooka.dll
0x00007ff8c9d60000 - 0x00007ff8c9e70000 	C:\Windows\system32\KERNELBASE.dll
0x00007ff8c85e0000 - 0x00007ff8c866e000 	C:\Windows\system32\apphelp.dll
0x00007ff8b1b50000 - 0x00007ff8b1ba3000 	C:\Windows\AppPatch\AppPatch64\AcGenral.DLL
0x00007ff8ca020000 - 0x00007ff8ca0c7000 	C:\Windows\system32\msvcrt.dll
0x00007ff8c9810000 - 0x00007ff8c983b000 	C:\Windows\SYSTEM32\SspiCli.dll
0x00007ff8cc420000 - 0x00007ff8cc471000 	C:\Windows\system32\SHLWAPI.dll
0x00007ff8cc480000 - 0x00007ff8cc5f1000 	C:\Windows\system32\USER32.dll
0x00007ff8ca630000 - 0x00007ff8ca7c4000 	C:\Windows\system32\ole32.dll
0x00007ff8caf00000 - 0x00007ff8cc418000 	C:\Windows\system32\SHELL32.dll
0x00007ff8c8f90000 - 0x00007ff8c8faf000 	C:\Windows\SYSTEM32\USERENV.dll
0x00007ff8cae50000 - 0x00007ff8caef5000 	C:\Windows\system32\ADVAPI32.dll
0x00007ff8c3070000 - 0x00007ff8c308b000 	C:\Windows\SYSTEM32\MPR.dll
0x00007ff8ca7d0000 - 0x00007ff8ca911000 	C:\Windows\system32\RPCRT4.dll
0x00007ff8c9fc0000 - 0x00007ff8ca017000 	C:\Windows\SYSTEM32\sechost.dll
0x00007ff8cab10000 - 0x00007ff8cace6000 	C:\Windows\SYSTEM32\combase.dll
0x00007ff8c9e70000 - 0x00007ff8c9fc0000 	C:\Windows\system32\GDI32.dll
0x00007ff8c9960000 - 0x00007ff8c9974000 	C:\Windows\SYSTEM32\profapi.dll
0x00007ff8c71b0000 - 0x00007ff8c724f000 	C:\Windows\SYSTEM32\SHCORE.dll
0x00007ff8cc6b0000 - 0x00007ff8cc6e4000 	C:\Windows\system32\IMM32.DLL
0x00007ff8ca200000 - 0x00007ff8ca351000 	C:\Windows\system32\MSCTF.dll
0x00007ff8c63b0000 - 0x00007ff8c662a000 	C:\Windows\WinSxS\amd64_microsoft.windows.common-controls_6595b64144ccf1df_6.0.9600.17810_none_6240b9c7ecbd0bda\COMCTL32.dll
0x000000005ffd0000 - 0x00000000600a2000 	C:\Program Files\Java\jdk1.8.0_65\jre\bin\msvcr100.dll
0x0000000060760000 - 0x0000000060fe9000 	C:\Program Files\Java\jdk1.8.0_65\jre\bin\server\jvm.dll
0x00007ff8c40b0000 - 0x00007ff8c40b9000 	C:\Windows\SYSTEM32\WSOCK32.dll
0x00007ff8be8e0000 - 0x00007ff8be8ff000 	C:\Windows\SYSTEM32\WINMM.dll
0x00007ff8beb90000 - 0x00007ff8beb9a000 	C:\Windows\SYSTEM32\VERSION.dll
0x00007ff8ca620000 - 0x00007ff8ca627000 	C:\Windows\system32\PSAPI.DLL
0x00007ff8ca360000 - 0x00007ff8ca3b8000 	C:\Windows\system32\WS2_32.dll
0x00007ff8be8b0000 - 0x00007ff8be8da000 	C:\Windows\SYSTEM32\WINMMBASE.dll
0x00007ff8cacf0000 - 0x00007ff8cacf9000 	C:\Windows\system32\NSI.dll
0x00007ff8c9a30000 - 0x00007ff8c9a7a000 	C:\Windows\SYSTEM32\cfgmgr32.dll
0x00007ff8c87c0000 - 0x00007ff8c87e6000 	C:\Windows\SYSTEM32\DEVOBJ.dll
0x0000000060750000 - 0x000000006075f000 	C:\Program Files\Java\jdk1.8.0_65\jre\bin\verify.dll
0x0000000060720000 - 0x0000000060749000 	C:\Program Files\Java\jdk1.8.0_65\jre\bin\java.dll
0x0000000060700000 - 0x0000000060716000 	C:\Program Files\Java\jdk1.8.0_65\jre\bin\zip.dll

VM Arguments:
jvm_args: -Djava.awt.headless=true -Xmx1024M -Dfile.encoding=windows-1252 -Duser.country=US -Duser.language=en -Duser.variant 
java_command: com.android.dx.command.Main --dex --num-threads=4 --output C:\Users\Israt\AndroidStudioProjects\Project\app\build\intermediates\transforms\dex\debug\folders\1000\1f\main C:\Users\Israt\AndroidStudioProjects\Project\app\build\intermediates\pre-dexed\debug\support-annotations-23.1.1_f56a2000644c8be82e02aebcc29805de77888123.jar C:\Users\Israt\AndroidStudioProjects\Project\app\build\intermediates\pre-dexed\debug\debug_fec7f5a7cbbb762ec0db59fb25b23614f70edcf0.jar C:\Users\Israt\AndroidStudioProjects\Project\app\build\intermediates\pre-dexed\debug\internal_impl-23.1.1_d44690b69c3d42bc5d6b7dcf4b4e7cf7ede7a69d.jar C:\Users\Israt\AndroidStudioProjects\Project\app\build\intermediates\pre-dexed\debug\com.android.support-design-23.1.1_2a5c800f943a15d4c58735ce275b713db846ef77.jar C:\Users\Israt\AndroidStudioProjects\Project\app\build\intermediates\pre-dexed\debug\com.android.support-recyclerview-v7-23.1.1_77e8e6455eb43706718ac432950b0a9a4f07f552.jar C:\Users\Israt\AndroidStudioProjects\Project\app\build\intermediates\pre-dexed\debug\com.android.support-appcompat-v7-23.1.1_28f5881fede549b51bb4a11907fb1f59fac82572.jar C:\Users\Israt\AndroidStudioProjects\Project\app\build\intermediates\pre-dexed\debug\com.android.support-support-v4-23.1.1_d869f1ed7ba6fb7ca8d0b6eaacc9da7f9999d974.jar
java_class_path (initial): C:\Users\Israt\AppData\Local\Android\sdk\build-tools\23.0.1\lib\dx.jar
Launcher Type: SUN_STANDARD

Environment Variables:
JAVA_HOME=C:\Program Files\Java\jdk1.8.0_65
PATH=C:\ProgramData\Oracle\Java\javapath;C:\oraclexe\app\oracle\product\10.2.0\server\bin;C:\Windows\system32;C:\Windows;C:\Windows\System32\Wbem;C:\Windows\System32\WindowsPowerShell\v1.0\; C:\Program Files (x86)\Java\jre8;C:\Program Files (x86)\Windows Live\Shared;C:\Program Files\Microsoft\Web Platform Installer\;C:\Program Files (x86)\Microsoft ASP.NET\ASP.NET Web Pages\v1.0\;C:\Program Files (x86)\Windows Kits\8.0\Windows Performance Toolkit\;C:\Program Files\Microsoft SQL Server\110\Tools\Binn\;E:\matlab\runtime\win64;E:\matlab\bin;E:\matlab\polyspace\bin;C:\Program Files (x86)\Skype\Phone\C:\Program Files\MySQL\MySQL Server 5.7\bin\bin;C:\Users\Israt\AppData\Local\Programs\MiKTeX 2.9\miktex\bin\
USERNAME=Israt
OS=Windows_NT
PROCESSOR_IDENTIFIER=Intel64 Family 6 Model 60 Stepping 3, GenuineIntel



---------------  S Y S T E M  ---------------

OS: Windows 8.1 , 64 bit Build 9600 (6.3.9600.17031)

CPU:total 4 (2 cores per cpu, 2 threads per core) family 6 model 60 stepping 3, cmov, cx8, fxsr, mmx, sse, sse2, sse3, ssse3, sse4.1, sse4.2, popcnt, avx, avx2, aes, clmul, erms, lzcnt, ht, tsc, tscinvbit, bmi1, bmi2

Memory: 4k page, physical 4072560k(480172k free), swap 7218288k(6676k free)

vm_info: Java HotSpot(TM) 64-Bit Server VM (25.65-b01) for windows-amd64 JRE (1.8.0_65-b17), built on Oct  6 2015 16:39:20 by "java_re" with MS VC++ 10.0 (VS2010)

time: Thu Apr 28 08:30:01 2016
elapsed time: 0 seconds (0d 0h 0m 0s)

